[35m[1mConsolidate compiler generated dependencies of target arm_interfaces__rosidl_generator_c[0m
[  2%] Built target arm_interfaces__cpp
[  4%] Built target arm_interfaces__rs
[ 14%] Built target arm_interfaces__rosidl_generator_c
[ 14%] Built target ament_cmake_python_copy_arm_interfaces
[35m[1mConsolidate compiler generated dependencies of target arm_interfaces__rosidl_typesupport_cpp[0m
[35m[1mConsolidate compiler generated dependencies of target arm_interfaces__rosidl_typesupport_introspection_cpp[0m
[35m[1mConsolidate compiler generated dependencies of target arm_interfaces__rosidl_typesupport_fastrtps_cpp[0m
[35m[1mConsolidate compiler generated dependencies of target arm_interfaces__rosidl_typesupport_c[0m
[35m[1mConsolidate compiler generated dependencies of target arm_interfaces__rosidl_typesupport_introspection_c[0m
[35m[1mConsolidate compiler generated dependencies of target arm_interfaces__rosidl_typesupport_fastrtps_c[0m
[ 25%] Built target arm_interfaces__rosidl_typesupport_cpp
[ 35%] Built target arm_interfaces__rosidl_typesupport_introspection_cpp
[ 45%] Built target arm_interfaces__rosidl_typesupport_fastrtps_cpp
[ 56%] Built target arm_interfaces__rosidl_typesupport_c
[ 66%] Built target arm_interfaces__rosidl_typesupport_introspection_c
[ 77%] Built target arm_interfaces__rosidl_typesupport_fastrtps_c
[ 77%] Built target arm_interfaces
[ 79%] Built target arm_interfaces__py
[35m[1mConsolidate compiler generated dependencies of target arm_interfaces__rosidl_generator_py[0m
[ 87%] Built target arm_interfaces__rosidl_generator_py
[35m[1mConsolidate compiler generated dependencies of target arm_interfaces__rosidl_typesupport_c__pyext[0m
[35m[1mConsolidate compiler generated dependencies of target arm_interfaces__rosidl_typesupport_fastrtps_c__pyext[0m
[35m[1mConsolidate compiler generated dependencies of target arm_interfaces__rosidl_typesupport_introspection_c__pyext[0m
[ 91%] Built target arm_interfaces__rosidl_typesupport_fastrtps_c__pyext
[ 95%] Built target arm_interfaces__rosidl_typesupport_c__pyext
[100%] Built target arm_interfaces__rosidl_typesupport_introspection_c__pyext
running egg_info
writing arm_interfaces.egg-info/PKG-INFO
writing dependency_links to arm_interfaces.egg-info/dependency_links.txt
writing top-level names to arm_interfaces.egg-info/top_level.txt
reading manifest file 'arm_interfaces.egg-info/SOURCES.txt'
writing manifest file 'arm_interfaces.egg-info/SOURCES.txt'
[100%] Built target ament_cmake_python_build_arm_interfaces_egg
-- Install configuration: ""
-- Up-to-date: /home/scr/robocup/amr_robot_ws/install/arm_interfaces/share/ament_index/resource_index/rosidl_interfaces/arm_interfaces
-- Up-to-date: /home/scr/robocup/amr_robot_ws/install/arm_interfaces/include/arm_interfaces/arm_interfaces
-- Up-to-date: /home/scr/robocup/amr_robot_ws/install/arm_interfaces/include/arm_interfaces/arm_interfaces/msg
-- Up-to-date: /home/scr/robocup/amr_robot_ws/install/arm_interfaces/include/arm_interfaces/arm_interfaces/msg/rosidl_generator_c__visibility_control.h
-- Up-to-date: /home/scr/robocup/amr_robot_ws/install/arm_interfaces/include/arm_interfaces/arm_interfaces/srv
-- Up-to-date: /home/scr/robocup/amr_robot_ws/install/arm_interfaces/include/arm_interfaces/arm_interfaces/srv/detail
-- Up-to-date: /home/scr/robocup/amr_robot_ws/install/arm_interfaces/include/arm_interfaces/arm_interfaces/srv/detail/get_target_pose__functions.c
-- Up-to-date: /home/scr/robocup/amr_robot_ws/install/arm_interfaces/include/arm_interfaces/arm_interfaces/srv/detail/get_target_pose__struct.h
-- Up-to-date: /home/scr/robocup/amr_robot_ws/install/arm_interfaces/include/arm_interfaces/arm_interfaces/srv/detail/get_target_pose__functions.h
-- Up-to-date: /home/scr/robocup/amr_robot_ws/install/arm_interfaces/include/arm_interfaces/arm_interfaces/srv/detail/arm_command__functions.h
-- Up-to-date: /home/scr/robocup/amr_robot_ws/install/arm_interfaces/include/arm_interfaces/arm_interfaces/srv/detail/cargo__type_support.h
-- Up-to-date: /home/scr/robocup/amr_robot_ws/install/arm_interfaces/include/arm_interfaces/arm_interfaces/srv/detail/get_target_pose__type_support.h
-- Up-to-date: /home/scr/robocup/amr_robot_ws/install/arm_interfaces/include/arm_interfaces/arm_interfaces/srv/detail/arm_command__type_support.h
-- Up-to-date: /home/scr/robocup/amr_robot_ws/install/arm_interfaces/include/arm_interfaces/arm_interfaces/srv/detail/cargo__functions.c
-- Up-to-date: /home/scr/robocup/amr_robot_ws/install/arm_interfaces/include/arm_interfaces/arm_interfaces/srv/detail/arm_command__functions.c
-- Up-to-date: /home/scr/robocup/amr_robot_ws/install/arm_interfaces/include/arm_interfaces/arm_interfaces/srv/detail/cargo__struct.h
-- Up-to-date: /home/scr/robocup/amr_robot_ws/install/arm_interfaces/include/arm_interfaces/arm_interfaces/srv/detail/arm_command__struct.h
-- Up-to-date: /home/scr/robocup/amr_robot_ws/install/arm_interfaces/include/arm_interfaces/arm_interfaces/srv/detail/cargo__functions.h
-- Up-to-date: /home/scr/robocup/amr_robot_ws/install/arm_interfaces/include/arm_interfaces/arm_interfaces/srv/cargo.h
-- Up-to-date: /home/scr/robocup/amr_robot_ws/install/arm_interfaces/include/arm_interfaces/arm_interfaces/srv/get_target_pose.h
-- Up-to-date: /home/scr/robocup/amr_robot_ws/install/arm_interfaces/include/arm_interfaces/arm_interfaces/srv/arm_command.h
-- Up-to-date: /home/scr/robocup/amr_robot_ws/install/arm_interfaces/share/arm_interfaces/environment/library_path.sh
-- Up-to-date: /home/scr/robocup/amr_robot_ws/install/arm_interfaces/share/arm_interfaces/environment/library_path.dsv
-- Up-to-date: /home/scr/robocup/amr_robot_ws/install/arm_interfaces/lib/libarm_interfaces__rosidl_generator_c.so
-- Up-to-date: /home/scr/robocup/amr_robot_ws/install/arm_interfaces/include/arm_interfaces/arm_interfaces
-- Up-to-date: /home/scr/robocup/amr_robot_ws/install/arm_interfaces/include/arm_interfaces/arm_interfaces/msg
-- Up-to-date: /home/scr/robocup/amr_robot_ws/install/arm_interfaces/include/arm_interfaces/arm_interfaces/msg/rosidl_typesupport_fastrtps_c__visibility_control.h
-- Up-to-date: /home/scr/robocup/amr_robot_ws/install/arm_interfaces/include/arm_interfaces/arm_interfaces/srv
-- Up-to-date: /home/scr/robocup/amr_robot_ws/install/arm_interfaces/include/arm_interfaces/arm_interfaces/srv/detail
-- Up-to-date: /home/scr/robocup/amr_robot_ws/install/arm_interfaces/include/arm_interfaces/arm_interfaces/srv/detail/cargo__rosidl_typesupport_fastrtps_c.h
-- Up-to-date: /home/scr/robocup/amr_robot_ws/install/arm_interfaces/include/arm_interfaces/arm_interfaces/srv/detail/get_target_pose__rosidl_typesupport_fastrtps_c.h
-- Up-to-date: /home/scr/robocup/amr_robot_ws/install/arm_interfaces/include/arm_interfaces/arm_interfaces/srv/detail/arm_command__rosidl_typesupport_fastrtps_c.h
-- Up-to-date: /home/scr/robocup/amr_robot_ws/install/arm_interfaces/lib/libarm_interfaces__rosidl_typesupport_fastrtps_c.so
-- Up-to-date: /home/scr/robocup/amr_robot_ws/install/arm_interfaces/include/arm_interfaces/arm_interfaces
-- Up-to-date: /home/scr/robocup/amr_robot_ws/install/arm_interfaces/include/arm_interfaces/arm_interfaces/msg
-- Up-to-date: /home/scr/robocup/amr_robot_ws/install/arm_interfaces/include/arm_interfaces/arm_interfaces/msg/rosidl_typesupport_introspection_c__visibility_control.h
-- Up-to-date: /home/scr/robocup/amr_robot_ws/install/arm_interfaces/include/arm_interfaces/arm_interfaces/srv
-- Up-to-date: /home/scr/robocup/amr_robot_ws/install/arm_interfaces/include/arm_interfaces/arm_interfaces/srv/detail
-- Up-to-date: /home/scr/robocup/amr_robot_ws/install/arm_interfaces/include/arm_interfaces/arm_interfaces/srv/detail/arm_command__type_support.c
-- Up-to-date: /home/scr/robocup/amr_robot_ws/install/arm_interfaces/include/arm_interfaces/arm_interfaces/srv/detail/cargo__rosidl_typesupport_introspection_c.h
-- Up-to-date: /home/scr/robocup/amr_robot_ws/install/arm_interfaces/include/arm_interfaces/arm_interfaces/srv/detail/arm_command__rosidl_typesupport_introspection_c.h
-- Up-to-date: /home/scr/robocup/amr_robot_ws/install/arm_interfaces/include/arm_interfaces/arm_interfaces/srv/detail/get_target_pose__type_support.c
-- Up-to-date: /home/scr/robocup/amr_robot_ws/install/arm_interfaces/include/arm_interfaces/arm_interfaces/srv/detail/cargo__type_support.c
-- Up-to-date: /home/scr/robocup/amr_robot_ws/install/arm_interfaces/include/arm_interfaces/arm_interfaces/srv/detail/get_target_pose__rosidl_typesupport_introspection_c.h
-- Up-to-date: /home/scr/robocup/amr_robot_ws/install/arm_interfaces/lib/libarm_interfaces__rosidl_typesupport_introspection_c.so
-- Up-to-date: /home/scr/robocup/amr_robot_ws/install/arm_interfaces/lib/libarm_interfaces__rosidl_typesupport_c.so
-- Up-to-date: /home/scr/robocup/amr_robot_ws/install/arm_interfaces/include/arm_interfaces/arm_interfaces
-- Up-to-date: /home/scr/robocup/amr_robot_ws/install/arm_interfaces/include/arm_interfaces/arm_interfaces/msg
-- Up-to-date: /home/scr/robocup/amr_robot_ws/install/arm_interfaces/include/arm_interfaces/arm_interfaces/msg/rosidl_generator_cpp__visibility_control.hpp
-- Up-to-date: /home/scr/robocup/amr_robot_ws/install/arm_interfaces/include/arm_interfaces/arm_interfaces/srv
-- Up-to-date: /home/scr/robocup/amr_robot_ws/install/arm_interfaces/include/arm_interfaces/arm_interfaces/srv/detail
-- Up-to-date: /home/scr/robocup/amr_robot_ws/install/arm_interfaces/include/arm_interfaces/arm_interfaces/srv/detail/get_target_pose__type_support.hpp
-- Up-to-date: /home/scr/robocup/amr_robot_ws/install/arm_interfaces/include/arm_interfaces/arm_interfaces/srv/detail/arm_command__struct.hpp
-- Up-to-date: /home/scr/robocup/amr_robot_ws/install/arm_interfaces/include/arm_interfaces/arm_interfaces/srv/detail/cargo__builder.hpp
-- Up-to-date: /home/scr/robocup/amr_robot_ws/install/arm_interfaces/include/arm_interfaces/arm_interfaces/srv/detail/get_target_pose__struct.hpp
-- Up-to-date: /home/scr/robocup/amr_robot_ws/install/arm_interfaces/include/arm_interfaces/arm_interfaces/srv/detail/arm_command__builder.hpp
-- Up-to-date: /home/scr/robocup/amr_robot_ws/install/arm_interfaces/include/arm_interfaces/arm_interfaces/srv/detail/arm_command__traits.hpp
-- Up-to-date: /home/scr/robocup/amr_robot_ws/install/arm_interfaces/include/arm_interfaces/arm_interfaces/srv/detail/get_target_pose__builder.hpp
-- Up-to-date: /home/scr/robocup/amr_robot_ws/install/arm_interfaces/include/arm_interfaces/arm_interfaces/srv/detail/arm_command__type_support.hpp
-- Up-to-date: /home/scr/robocup/amr_robot_ws/install/arm_interfaces/include/arm_interfaces/arm_interfaces/srv/detail/cargo__type_support.hpp
-- Up-to-date: /home/scr/robocup/amr_robot_ws/install/arm_interfaces/include/arm_interfaces/arm_interfaces/srv/detail/cargo__traits.hpp
-- Up-to-date: /home/scr/robocup/amr_robot_ws/install/arm_interfaces/include/arm_interfaces/arm_interfaces/srv/detail/get_target_pose__traits.hpp
-- Up-to-date: /home/scr/robocup/amr_robot_ws/install/arm_interfaces/include/arm_interfaces/arm_interfaces/srv/detail/cargo__struct.hpp
-- Up-to-date: /home/scr/robocup/amr_robot_ws/install/arm_interfaces/include/arm_interfaces/arm_interfaces/srv/get_target_pose.hpp
-- Up-to-date: /home/scr/robocup/amr_robot_ws/install/arm_interfaces/include/arm_interfaces/arm_interfaces/srv/cargo.hpp
-- Up-to-date: /home/scr/robocup/amr_robot_ws/install/arm_interfaces/include/arm_interfaces/arm_interfaces/srv/arm_command.hpp
-- Up-to-date: /home/scr/robocup/amr_robot_ws/install/arm_interfaces/include/arm_interfaces/arm_interfaces
-- Up-to-date: /home/scr/robocup/amr_robot_ws/install/arm_interfaces/include/arm_interfaces/arm_interfaces/msg
-- Up-to-date: /home/scr/robocup/amr_robot_ws/install/arm_interfaces/include/arm_interfaces/arm_interfaces/msg/rosidl_typesupport_fastrtps_cpp__visibility_control.h
-- Up-to-date: /home/scr/robocup/amr_robot_ws/install/arm_interfaces/include/arm_interfaces/arm_interfaces/srv
-- Up-to-date: /home/scr/robocup/amr_robot_ws/install/arm_interfaces/include/arm_interfaces/arm_interfaces/srv/detail
-- Up-to-date: /home/scr/robocup/amr_robot_ws/install/arm_interfaces/include/arm_interfaces/arm_interfaces/srv/detail/get_target_pose__rosidl_typesupport_fastrtps_cpp.hpp
-- Up-to-date: /home/scr/robocup/amr_robot_ws/install/arm_interfaces/include/arm_interfaces/arm_interfaces/srv/detail/dds_fastrtps
-- Up-to-date: /home/scr/robocup/amr_robot_ws/install/arm_interfaces/include/arm_interfaces/arm_interfaces/srv/detail/cargo__rosidl_typesupport_fastrtps_cpp.hpp
-- Up-to-date: /home/scr/robocup/amr_robot_ws/install/arm_interfaces/include/arm_interfaces/arm_interfaces/srv/detail/arm_command__rosidl_typesupport_fastrtps_cpp.hpp
-- Up-to-date: /home/scr/robocup/amr_robot_ws/install/arm_interfaces/lib/libarm_interfaces__rosidl_typesupport_fastrtps_cpp.so
-- Up-to-date: /home/scr/robocup/amr_robot_ws/install/arm_interfaces/include/arm_interfaces/arm_interfaces
-- Up-to-date: /home/scr/robocup/amr_robot_ws/install/arm_interfaces/include/arm_interfaces/arm_interfaces/srv
-- Up-to-date: /home/scr/robocup/amr_robot_ws/install/arm_interfaces/include/arm_interfaces/arm_interfaces/srv/detail
-- Up-to-date: /home/scr/robocup/amr_robot_ws/install/arm_interfaces/include/arm_interfaces/arm_interfaces/srv/detail/cargo__rosidl_typesupport_introspection_cpp.hpp
-- Up-to-date: /home/scr/robocup/amr_robot_ws/install/arm_interfaces/include/arm_interfaces/arm_interfaces/srv/detail/arm_command__rosidl_typesupport_introspection_cpp.hpp
-- Up-to-date: /home/scr/robocup/amr_robot_ws/install/arm_interfaces/include/arm_interfaces/arm_interfaces/srv/detail/cargo__type_support.cpp
-- Up-to-date: /home/scr/robocup/amr_robot_ws/install/arm_interfaces/include/arm_interfaces/arm_interfaces/srv/detail/get_target_pose__type_support.cpp
-- Up-to-date: /home/scr/robocup/amr_robot_ws/install/arm_interfaces/include/arm_interfaces/arm_interfaces/srv/detail/arm_command__type_support.cpp
-- Up-to-date: /home/scr/robocup/amr_robot_ws/install/arm_interfaces/include/arm_interfaces/arm_interfaces/srv/detail/get_target_pose__rosidl_typesupport_introspection_cpp.hpp
-- Up-to-date: /home/scr/robocup/amr_robot_ws/install/arm_interfaces/lib/libarm_interfaces__rosidl_typesupport_introspection_cpp.so
-- Up-to-date: /home/scr/robocup/amr_robot_ws/install/arm_interfaces/lib/libarm_interfaces__rosidl_typesupport_cpp.so
-- Up-to-date: /home/scr/robocup/amr_robot_ws/install/arm_interfaces/share/arm_interfaces/environment/pythonpath.sh
-- Up-to-date: /home/scr/robocup/amr_robot_ws/install/arm_interfaces/share/arm_interfaces/environment/pythonpath.dsv
-- Up-to-date: /home/scr/robocup/amr_robot_ws/install/arm_interfaces/local/lib/python3.10/dist-packages/arm_interfaces-0.0.0-py3.10.egg-info
-- Installing: /home/scr/robocup/amr_robot_ws/install/arm_interfaces/local/lib/python3.10/dist-packages/arm_interfaces-0.0.0-py3.10.egg-info/dependency_links.txt
-- Installing: /home/scr/robocup/amr_robot_ws/install/arm_interfaces/local/lib/python3.10/dist-packages/arm_interfaces-0.0.0-py3.10.egg-info/PKG-INFO
-- Installing: /home/scr/robocup/amr_robot_ws/install/arm_interfaces/local/lib/python3.10/dist-packages/arm_interfaces-0.0.0-py3.10.egg-info/top_level.txt
-- Installing: /home/scr/robocup/amr_robot_ws/install/arm_interfaces/local/lib/python3.10/dist-packages/arm_interfaces-0.0.0-py3.10.egg-info/SOURCES.txt
-- Up-to-date: /home/scr/robocup/amr_robot_ws/install/arm_interfaces/local/lib/python3.10/dist-packages/arm_interfaces
-- Up-to-date: /home/scr/robocup/amr_robot_ws/install/arm_interfaces/local/lib/python3.10/dist-packages/arm_interfaces/__init__.py
-- Up-to-date: /home/scr/robocup/amr_robot_ws/install/arm_interfaces/local/lib/python3.10/dist-packages/arm_interfaces/_arm_interfaces_s.ep.rosidl_typesupport_introspection_c.c
-- Up-to-date: /home/scr/robocup/amr_robot_ws/install/arm_interfaces/local/lib/python3.10/dist-packages/arm_interfaces/arm_interfaces_s__rosidl_typesupport_fastrtps_c.cpython-310-x86_64-linux-gnu.so
-- Up-to-date: /home/scr/robocup/amr_robot_ws/install/arm_interfaces/local/lib/python3.10/dist-packages/arm_interfaces/arm_interfaces_s__rosidl_typesupport_c.cpython-310-x86_64-linux-gnu.so
-- Up-to-date: /home/scr/robocup/amr_robot_ws/install/arm_interfaces/local/lib/python3.10/dist-packages/arm_interfaces/libarm_interfaces__rosidl_generator_py.so
-- Up-to-date: /home/scr/robocup/amr_robot_ws/install/arm_interfaces/local/lib/python3.10/dist-packages/arm_interfaces/_arm_interfaces_s.ep.rosidl_typesupport_fastrtps_c.c
-- Up-to-date: /home/scr/robocup/amr_robot_ws/install/arm_interfaces/local/lib/python3.10/dist-packages/arm_interfaces/_arm_interfaces_s.ep.rosidl_typesupport_c.c
-- Up-to-date: /home/scr/robocup/amr_robot_ws/install/arm_interfaces/local/lib/python3.10/dist-packages/arm_interfaces/srv
-- Up-to-date: /home/scr/robocup/amr_robot_ws/install/arm_interfaces/local/lib/python3.10/dist-packages/arm_interfaces/srv/__init__.py
-- Up-to-date: /home/scr/robocup/amr_robot_ws/install/arm_interfaces/local/lib/python3.10/dist-packages/arm_interfaces/srv/_arm_command_s.c
-- Up-to-date: /home/scr/robocup/amr_robot_ws/install/arm_interfaces/local/lib/python3.10/dist-packages/arm_interfaces/srv/_arm_command.py
-- Up-to-date: /home/scr/robocup/amr_robot_ws/install/arm_interfaces/local/lib/python3.10/dist-packages/arm_interfaces/srv/_cargo_s.c
-- Up-to-date: /home/scr/robocup/amr_robot_ws/install/arm_interfaces/local/lib/python3.10/dist-packages/arm_interfaces/srv/_get_target_pose_s.c
-- Up-to-date: /home/scr/robocup/amr_robot_ws/install/arm_interfaces/local/lib/python3.10/dist-packages/arm_interfaces/srv/_cargo.py
-- Up-to-date: /home/scr/robocup/amr_robot_ws/install/arm_interfaces/local/lib/python3.10/dist-packages/arm_interfaces/srv/_get_target_pose.py
-- Up-to-date: /home/scr/robocup/amr_robot_ws/install/arm_interfaces/local/lib/python3.10/dist-packages/arm_interfaces/arm_interfaces_s__rosidl_typesupport_introspection_c.cpython-310-x86_64-linux-gnu.so
Listing '/home/scr/robocup/amr_robot_ws/install/arm_interfaces/local/lib/python3.10/dist-packages/arm_interfaces'...
Listing '/home/scr/robocup/amr_robot_ws/install/arm_interfaces/local/lib/python3.10/dist-packages/arm_interfaces/srv'...
-- Up-to-date: /home/scr/robocup/amr_robot_ws/install/arm_interfaces/local/lib/python3.10/dist-packages/arm_interfaces/arm_interfaces_s__rosidl_typesupport_fastrtps_c.cpython-310-x86_64-linux-gnu.so
-- Up-to-date: /home/scr/robocup/amr_robot_ws/install/arm_interfaces/local/lib/python3.10/dist-packages/arm_interfaces/arm_interfaces_s__rosidl_typesupport_introspection_c.cpython-310-x86_64-linux-gnu.so
-- Up-to-date: /home/scr/robocup/amr_robot_ws/install/arm_interfaces/local/lib/python3.10/dist-packages/arm_interfaces/arm_interfaces_s__rosidl_typesupport_c.cpython-310-x86_64-linux-gnu.so
-- Up-to-date: /home/scr/robocup/amr_robot_ws/install/arm_interfaces/lib/libarm_interfaces__rosidl_generator_py.so
-- Up-to-date: /home/scr/robocup/amr_robot_ws/install/arm_interfaces/share/ament_index/resource_index/rust_packages/arm_interfaces
-- Up-to-date: /home/scr/robocup/amr_robot_ws/install/arm_interfaces/share/arm_interfaces/rust
-- Up-to-date: /home/scr/robocup/amr_robot_ws/install/arm_interfaces/share/arm_interfaces/rust/Cargo.toml
-- Up-to-date: /home/scr/robocup/amr_robot_ws/install/arm_interfaces/share/arm_interfaces/rust/build.rs
-- Up-to-date: /home/scr/robocup/amr_robot_ws/install/arm_interfaces/share/arm_interfaces/rust/src
-- Up-to-date: /home/scr/robocup/amr_robot_ws/install/arm_interfaces/share/arm_interfaces/rust/src/lib.rs
-- Up-to-date: /home/scr/robocup/amr_robot_ws/install/arm_interfaces/share/arm_interfaces/rust/src/srv.rs
-- Up-to-date: /home/scr/robocup/amr_robot_ws/install/arm_interfaces/share/arm_interfaces/rust/src/srv
-- Up-to-date: /home/scr/robocup/amr_robot_ws/install/arm_interfaces/share/arm_interfaces/rust/src/srv/rmw.rs
-- Up-to-date: /home/scr/robocup/amr_robot_ws/install/arm_interfaces/share/arm_interfaces/srv/ArmCommand.idl
-- Up-to-date: /home/scr/robocup/amr_robot_ws/install/arm_interfaces/share/arm_interfaces/srv/Cargo.idl
-- Up-to-date: /home/scr/robocup/amr_robot_ws/install/arm_interfaces/share/arm_interfaces/srv/GetTargetPose.idl
-- Up-to-date: /home/scr/robocup/amr_robot_ws/install/arm_interfaces/share/arm_interfaces/srv/ArmCommand.srv
-- Up-to-date: /home/scr/robocup/amr_robot_ws/install/arm_interfaces/share/arm_interfaces/srv/ArmCommand_Request.msg
-- Up-to-date: /home/scr/robocup/amr_robot_ws/install/arm_interfaces/share/arm_interfaces/srv/ArmCommand_Response.msg
-- Up-to-date: /home/scr/robocup/amr_robot_ws/install/arm_interfaces/share/arm_interfaces/srv/Cargo.srv
-- Up-to-date: /home/scr/robocup/amr_robot_ws/install/arm_interfaces/share/arm_interfaces/srv/Cargo_Request.msg
-- Up-to-date: /home/scr/robocup/amr_robot_ws/install/arm_interfaces/share/arm_interfaces/srv/Cargo_Response.msg
-- Up-to-date: /home/scr/robocup/amr_robot_ws/install/arm_interfaces/share/arm_interfaces/srv/GetTargetPose.srv
-- Up-to-date: /home/scr/robocup/amr_robot_ws/install/arm_interfaces/share/arm_interfaces/srv/GetTargetPose_Request.msg
-- Up-to-date: /home/scr/robocup/amr_robot_ws/install/arm_interfaces/share/arm_interfaces/srv/GetTargetPose_Response.msg
-- Up-to-date: /home/scr/robocup/amr_robot_ws/install/arm_interfaces/share/ament_index/resource_index/package_run_dependencies/arm_interfaces
-- Up-to-date: /home/scr/robocup/amr_robot_ws/install/arm_interfaces/share/ament_index/resource_index/parent_prefix_path/arm_interfaces
-- Up-to-date: /home/scr/robocup/amr_robot_ws/install/arm_interfaces/share/arm_interfaces/environment/ament_prefix_path.sh
-- Up-to-date: /home/scr/robocup/amr_robot_ws/install/arm_interfaces/share/arm_interfaces/environment/ament_prefix_path.dsv
-- Up-to-date: /home/scr/robocup/amr_robot_ws/install/arm_interfaces/share/arm_interfaces/environment/path.sh
-- Up-to-date: /home/scr/robocup/amr_robot_ws/install/arm_interfaces/share/arm_interfaces/environment/path.dsv
-- Up-to-date: /home/scr/robocup/amr_robot_ws/install/arm_interfaces/share/arm_interfaces/local_setup.bash
-- Up-to-date: /home/scr/robocup/amr_robot_ws/install/arm_interfaces/share/arm_interfaces/local_setup.sh
-- Up-to-date: /home/scr/robocup/amr_robot_ws/install/arm_interfaces/share/arm_interfaces/local_setup.zsh
-- Up-to-date: /home/scr/robocup/amr_robot_ws/install/arm_interfaces/share/arm_interfaces/local_setup.dsv
-- Installing: /home/scr/robocup/amr_robot_ws/install/arm_interfaces/share/arm_interfaces/package.dsv
-- Up-to-date: /home/scr/robocup/amr_robot_ws/install/arm_interfaces/share/ament_index/resource_index/packages/arm_interfaces
-- Up-to-date: /home/scr/robocup/amr_robot_ws/install/arm_interfaces/share/arm_interfaces/cmake/export_arm_interfaces__rosidl_generator_cExport.cmake
-- Up-to-date: /home/scr/robocup/amr_robot_ws/install/arm_interfaces/share/arm_interfaces/cmake/export_arm_interfaces__rosidl_generator_cExport-noconfig.cmake
-- Up-to-date: /home/scr/robocup/amr_robot_ws/install/arm_interfaces/share/arm_interfaces/cmake/export_arm_interfaces__rosidl_typesupport_fastrtps_cExport.cmake
-- Up-to-date: /home/scr/robocup/amr_robot_ws/install/arm_interfaces/share/arm_interfaces/cmake/export_arm_interfaces__rosidl_typesupport_fastrtps_cExport-noconfig.cmake
-- Up-to-date: /home/scr/robocup/amr_robot_ws/install/arm_interfaces/share/arm_interfaces/cmake/arm_interfaces__rosidl_typesupport_introspection_cExport.cmake
-- Up-to-date: /home/scr/robocup/amr_robot_ws/install/arm_interfaces/share/arm_interfaces/cmake/arm_interfaces__rosidl_typesupport_introspection_cExport-noconfig.cmake
-- Up-to-date: /home/scr/robocup/amr_robot_ws/install/arm_interfaces/share/arm_interfaces/cmake/arm_interfaces__rosidl_typesupport_cExport.cmake
-- Up-to-date: /home/scr/robocup/amr_robot_ws/install/arm_interfaces/share/arm_interfaces/cmake/arm_interfaces__rosidl_typesupport_cExport-noconfig.cmake
-- Up-to-date: /home/scr/robocup/amr_robot_ws/install/arm_interfaces/share/arm_interfaces/cmake/export_arm_interfaces__rosidl_generator_cppExport.cmake
-- Up-to-date: /home/scr/robocup/amr_robot_ws/install/arm_interfaces/share/arm_interfaces/cmake/export_arm_interfaces__rosidl_typesupport_fastrtps_cppExport.cmake
-- Up-to-date: /home/scr/robocup/amr_robot_ws/install/arm_interfaces/share/arm_interfaces/cmake/export_arm_interfaces__rosidl_typesupport_fastrtps_cppExport-noconfig.cmake
-- Up-to-date: /home/scr/robocup/amr_robot_ws/install/arm_interfaces/share/arm_interfaces/cmake/arm_interfaces__rosidl_typesupport_introspection_cppExport.cmake
-- Up-to-date: /home/scr/robocup/amr_robot_ws/install/arm_interfaces/share/arm_interfaces/cmake/arm_interfaces__rosidl_typesupport_introspection_cppExport-noconfig.cmake
-- Up-to-date: /home/scr/robocup/amr_robot_ws/install/arm_interfaces/share/arm_interfaces/cmake/arm_interfaces__rosidl_typesupport_cppExport.cmake
-- Up-to-date: /home/scr/robocup/amr_robot_ws/install/arm_interfaces/share/arm_interfaces/cmake/arm_interfaces__rosidl_typesupport_cppExport-noconfig.cmake
-- Up-to-date: /home/scr/robocup/amr_robot_ws/install/arm_interfaces/share/arm_interfaces/cmake/export_arm_interfaces__rosidl_generator_pyExport.cmake
-- Up-to-date: /home/scr/robocup/amr_robot_ws/install/arm_interfaces/share/arm_interfaces/cmake/export_arm_interfaces__rosidl_generator_pyExport-noconfig.cmake
-- Up-to-date: /home/scr/robocup/amr_robot_ws/install/arm_interfaces/share/arm_interfaces/cmake/rosidl_cmake-extras.cmake
-- Up-to-date: /home/scr/robocup/amr_robot_ws/install/arm_interfaces/share/arm_interfaces/cmake/ament_cmake_export_include_directories-extras.cmake
-- Up-to-date: /home/scr/robocup/amr_robot_ws/install/arm_interfaces/share/arm_interfaces/cmake/ament_cmake_export_libraries-extras.cmake
-- Up-to-date: /home/scr/robocup/amr_robot_ws/install/arm_interfaces/share/arm_interfaces/cmake/ament_cmake_export_targets-extras.cmake
-- Up-to-date: /home/scr/robocup/amr_robot_ws/install/arm_interfaces/share/arm_interfaces/cmake/rosidl_cmake_export_typesupport_targets-extras.cmake
-- Up-to-date: /home/scr/robocup/amr_robot_ws/install/arm_interfaces/share/arm_interfaces/cmake/ament_cmake_export_dependencies-extras.cmake
-- Up-to-date: /home/scr/robocup/amr_robot_ws/install/arm_interfaces/share/arm_interfaces/cmake/rosidl_cmake_export_typesupport_libraries-extras.cmake
-- Up-to-date: /home/scr/robocup/amr_robot_ws/install/arm_interfaces/share/arm_interfaces/cmake/arm_interfacesConfig.cmake
-- Up-to-date: /home/scr/robocup/amr_robot_ws/install/arm_interfaces/share/arm_interfaces/cmake/arm_interfacesConfig-version.cmake
-- Up-to-date: /home/scr/robocup/amr_robot_ws/install/arm_interfaces/share/arm_interfaces/package.xml
