[0.005s] Invoking command in '/home/scr/robocup/amr_robot_ws/build/arm_interfaces': CONDA_PROMPT_MODIFIER=(base) /usr/bin/cmake --build /home/scr/robocup/amr_robot_ws/build/arm_interfaces -- -j24 -l24
[0.023s] [35m[1mConsolidate compiler generated dependencies of target arm_interfaces__rosidl_generator_c[0m
[0.025s] [  2%] Built target arm_interfaces__cpp
[0.026s] [  4%] Built target arm_interfaces__rs
[0.027s] [ 14%] Built target arm_interfaces__rosidl_generator_c
[0.029s] [ 14%] Built target ament_cmake_python_copy_arm_interfaces
[0.029s] [35m[1mConsolidate compiler generated dependencies of target arm_interfaces__rosidl_typesupport_cpp[0m
[0.029s] [35m[1mConsolidate compiler generated dependencies of target arm_interfaces__rosidl_typesupport_introspection_cpp[0m
[0.030s] [35m[1mConsolidate compiler generated dependencies of target arm_interfaces__rosidl_typesupport_fastrtps_cpp[0m
[0.031s] [35m[1mConsolidate compiler generated dependencies of target arm_interfaces__rosidl_typesupport_c[0m
[0.032s] [35m[1mConsolidate compiler generated dependencies of target arm_interfaces__rosidl_typesupport_introspection_c[0m
[0.032s] [35m[1mConsolidate compiler generated dependencies of target arm_interfaces__rosidl_typesupport_fastrtps_c[0m
[0.034s] [ 25%] Built target arm_interfaces__rosidl_typesupport_cpp
[0.034s] [ 35%] Built target arm_interfaces__rosidl_typesupport_introspection_cpp
[0.035s] [ 45%] Built target arm_interfaces__rosidl_typesupport_fastrtps_cpp
[0.035s] [ 56%] Built target arm_interfaces__rosidl_typesupport_c
[0.036s] [ 66%] Built target arm_interfaces__rosidl_typesupport_introspection_c
[0.037s] [ 77%] Built target arm_interfaces__rosidl_typesupport_fastrtps_c
[0.044s] [ 77%] Built target arm_interfaces
[0.051s] [ 79%] Built target arm_interfaces__py
[0.055s] [35m[1mConsolidate compiler generated dependencies of target arm_interfaces__rosidl_generator_py[0m
[0.059s] [ 87%] Built target arm_interfaces__rosidl_generator_py
[0.063s] [35m[1mConsolidate compiler generated dependencies of target arm_interfaces__rosidl_typesupport_c__pyext[0m
[0.063s] [35m[1mConsolidate compiler generated dependencies of target arm_interfaces__rosidl_typesupport_fastrtps_c__pyext[0m
[0.066s] [35m[1mConsolidate compiler generated dependencies of target arm_interfaces__rosidl_typesupport_introspection_c__pyext[0m
[0.067s] [ 91%] Built target arm_interfaces__rosidl_typesupport_fastrtps_c__pyext
[0.068s] [ 95%] Built target arm_interfaces__rosidl_typesupport_c__pyext
[0.070s] [100%] Built target arm_interfaces__rosidl_typesupport_introspection_c__pyext
[0.123s] running egg_info
[0.123s] writing arm_interfaces.egg-info/PKG-INFO
[0.123s] writing dependency_links to arm_interfaces.egg-info/dependency_links.txt
[0.123s] writing top-level names to arm_interfaces.egg-info/top_level.txt
[0.124s] reading manifest file 'arm_interfaces.egg-info/SOURCES.txt'
[0.124s] writing manifest file 'arm_interfaces.egg-info/SOURCES.txt'
[0.137s] [100%] Built target ament_cmake_python_build_arm_interfaces_egg
[0.143s] Invoked command in '/home/scr/robocup/amr_robot_ws/build/arm_interfaces' returned '0': CONDA_PROMPT_MODIFIER=(base) /usr/bin/cmake --build /home/scr/robocup/amr_robot_ws/build/arm_interfaces -- -j24 -l24
[0.147s] Invoking command in '/home/scr/robocup/amr_robot_ws/build/arm_interfaces': CONDA_PROMPT_MODIFIER=(base) /usr/bin/cmake --install /home/scr/robocup/amr_robot_ws/build/arm_interfaces
[0.150s] -- Install configuration: ""
[0.150s] -- Up-to-date: /home/scr/robocup/amr_robot_ws/install/arm_interfaces/share/ament_index/resource_index/rosidl_interfaces/arm_interfaces
[0.150s] -- Up-to-date: /home/scr/robocup/amr_robot_ws/install/arm_interfaces/include/arm_interfaces/arm_interfaces
[0.150s] -- Up-to-date: /home/scr/robocup/amr_robot_ws/install/arm_interfaces/include/arm_interfaces/arm_interfaces/msg
[0.150s] -- Up-to-date: /home/scr/robocup/amr_robot_ws/install/arm_interfaces/include/arm_interfaces/arm_interfaces/msg/rosidl_generator_c__visibility_control.h
[0.150s] -- Up-to-date: /home/scr/robocup/amr_robot_ws/install/arm_interfaces/include/arm_interfaces/arm_interfaces/srv
[0.150s] -- Up-to-date: /home/scr/robocup/amr_robot_ws/install/arm_interfaces/include/arm_interfaces/arm_interfaces/srv/detail
[0.150s] -- Up-to-date: /home/scr/robocup/amr_robot_ws/install/arm_interfaces/include/arm_interfaces/arm_interfaces/srv/detail/get_target_pose__functions.c
[0.150s] -- Up-to-date: /home/scr/robocup/amr_robot_ws/install/arm_interfaces/include/arm_interfaces/arm_interfaces/srv/detail/get_target_pose__struct.h
[0.150s] -- Up-to-date: /home/scr/robocup/amr_robot_ws/install/arm_interfaces/include/arm_interfaces/arm_interfaces/srv/detail/get_target_pose__functions.h
[0.150s] -- Up-to-date: /home/scr/robocup/amr_robot_ws/install/arm_interfaces/include/arm_interfaces/arm_interfaces/srv/detail/arm_command__functions.h
[0.150s] -- Up-to-date: /home/scr/robocup/amr_robot_ws/install/arm_interfaces/include/arm_interfaces/arm_interfaces/srv/detail/cargo__type_support.h
[0.151s] -- Up-to-date: /home/scr/robocup/amr_robot_ws/install/arm_interfaces/include/arm_interfaces/arm_interfaces/srv/detail/get_target_pose__type_support.h
[0.151s] -- Up-to-date: /home/scr/robocup/amr_robot_ws/install/arm_interfaces/include/arm_interfaces/arm_interfaces/srv/detail/arm_command__type_support.h
[0.151s] -- Up-to-date: /home/scr/robocup/amr_robot_ws/install/arm_interfaces/include/arm_interfaces/arm_interfaces/srv/detail/cargo__functions.c
[0.151s] -- Up-to-date: /home/scr/robocup/amr_robot_ws/install/arm_interfaces/include/arm_interfaces/arm_interfaces/srv/detail/arm_command__functions.c
[0.151s] -- Up-to-date: /home/scr/robocup/amr_robot_ws/install/arm_interfaces/include/arm_interfaces/arm_interfaces/srv/detail/cargo__struct.h
[0.151s] -- Up-to-date: /home/scr/robocup/amr_robot_ws/install/arm_interfaces/include/arm_interfaces/arm_interfaces/srv/detail/arm_command__struct.h
[0.151s] -- Up-to-date: /home/scr/robocup/amr_robot_ws/install/arm_interfaces/include/arm_interfaces/arm_interfaces/srv/detail/cargo__functions.h
[0.151s] -- Up-to-date: /home/scr/robocup/amr_robot_ws/install/arm_interfaces/include/arm_interfaces/arm_interfaces/srv/cargo.h
[0.151s] -- Up-to-date: /home/scr/robocup/amr_robot_ws/install/arm_interfaces/include/arm_interfaces/arm_interfaces/srv/get_target_pose.h
[0.151s] -- Up-to-date: /home/scr/robocup/amr_robot_ws/install/arm_interfaces/include/arm_interfaces/arm_interfaces/srv/arm_command.h
[0.151s] -- Up-to-date: /home/scr/robocup/amr_robot_ws/install/arm_interfaces/share/arm_interfaces/environment/library_path.sh
[0.151s] -- Up-to-date: /home/scr/robocup/amr_robot_ws/install/arm_interfaces/share/arm_interfaces/environment/library_path.dsv
[0.151s] -- Up-to-date: /home/scr/robocup/amr_robot_ws/install/arm_interfaces/lib/libarm_interfaces__rosidl_generator_c.so
[0.151s] -- Up-to-date: /home/scr/robocup/amr_robot_ws/install/arm_interfaces/include/arm_interfaces/arm_interfaces
[0.151s] -- Up-to-date: /home/scr/robocup/amr_robot_ws/install/arm_interfaces/include/arm_interfaces/arm_interfaces/msg
[0.151s] -- Up-to-date: /home/scr/robocup/amr_robot_ws/install/arm_interfaces/include/arm_interfaces/arm_interfaces/msg/rosidl_typesupport_fastrtps_c__visibility_control.h
[0.151s] -- Up-to-date: /home/scr/robocup/amr_robot_ws/install/arm_interfaces/include/arm_interfaces/arm_interfaces/srv
[0.151s] -- Up-to-date: /home/scr/robocup/amr_robot_ws/install/arm_interfaces/include/arm_interfaces/arm_interfaces/srv/detail
[0.151s] -- Up-to-date: /home/scr/robocup/amr_robot_ws/install/arm_interfaces/include/arm_interfaces/arm_interfaces/srv/detail/cargo__rosidl_typesupport_fastrtps_c.h
[0.151s] -- Up-to-date: /home/scr/robocup/amr_robot_ws/install/arm_interfaces/include/arm_interfaces/arm_interfaces/srv/detail/get_target_pose__rosidl_typesupport_fastrtps_c.h
[0.151s] -- Up-to-date: /home/scr/robocup/amr_robot_ws/install/arm_interfaces/include/arm_interfaces/arm_interfaces/srv/detail/arm_command__rosidl_typesupport_fastrtps_c.h
[0.151s] -- Up-to-date: /home/scr/robocup/amr_robot_ws/install/arm_interfaces/lib/libarm_interfaces__rosidl_typesupport_fastrtps_c.so
[0.151s] -- Up-to-date: /home/scr/robocup/amr_robot_ws/install/arm_interfaces/include/arm_interfaces/arm_interfaces
[0.151s] -- Up-to-date: /home/scr/robocup/amr_robot_ws/install/arm_interfaces/include/arm_interfaces/arm_interfaces/msg
[0.151s] -- Up-to-date: /home/scr/robocup/amr_robot_ws/install/arm_interfaces/include/arm_interfaces/arm_interfaces/msg/rosidl_typesupport_introspection_c__visibility_control.h
[0.151s] -- Up-to-date: /home/scr/robocup/amr_robot_ws/install/arm_interfaces/include/arm_interfaces/arm_interfaces/srv
[0.151s] -- Up-to-date: /home/scr/robocup/amr_robot_ws/install/arm_interfaces/include/arm_interfaces/arm_interfaces/srv/detail
[0.151s] -- Up-to-date: /home/scr/robocup/amr_robot_ws/install/arm_interfaces/include/arm_interfaces/arm_interfaces/srv/detail/arm_command__type_support.c
[0.151s] -- Up-to-date: /home/scr/robocup/amr_robot_ws/install/arm_interfaces/include/arm_interfaces/arm_interfaces/srv/detail/cargo__rosidl_typesupport_introspection_c.h
[0.151s] -- Up-to-date: /home/scr/robocup/amr_robot_ws/install/arm_interfaces/include/arm_interfaces/arm_interfaces/srv/detail/arm_command__rosidl_typesupport_introspection_c.h
[0.151s] -- Up-to-date: /home/scr/robocup/amr_robot_ws/install/arm_interfaces/include/arm_interfaces/arm_interfaces/srv/detail/get_target_pose__type_support.c
[0.151s] -- Up-to-date: /home/scr/robocup/amr_robot_ws/install/arm_interfaces/include/arm_interfaces/arm_interfaces/srv/detail/cargo__type_support.c
[0.151s] -- Up-to-date: /home/scr/robocup/amr_robot_ws/install/arm_interfaces/include/arm_interfaces/arm_interfaces/srv/detail/get_target_pose__rosidl_typesupport_introspection_c.h
[0.151s] -- Up-to-date: /home/scr/robocup/amr_robot_ws/install/arm_interfaces/lib/libarm_interfaces__rosidl_typesupport_introspection_c.so
[0.151s] -- Up-to-date: /home/scr/robocup/amr_robot_ws/install/arm_interfaces/lib/libarm_interfaces__rosidl_typesupport_c.so
[0.151s] -- Up-to-date: /home/scr/robocup/amr_robot_ws/install/arm_interfaces/include/arm_interfaces/arm_interfaces
[0.151s] -- Up-to-date: /home/scr/robocup/amr_robot_ws/install/arm_interfaces/include/arm_interfaces/arm_interfaces/msg
[0.151s] -- Up-to-date: /home/scr/robocup/amr_robot_ws/install/arm_interfaces/include/arm_interfaces/arm_interfaces/msg/rosidl_generator_cpp__visibility_control.hpp
[0.151s] -- Up-to-date: /home/scr/robocup/amr_robot_ws/install/arm_interfaces/include/arm_interfaces/arm_interfaces/srv
[0.151s] -- Up-to-date: /home/scr/robocup/amr_robot_ws/install/arm_interfaces/include/arm_interfaces/arm_interfaces/srv/detail
[0.151s] -- Up-to-date: /home/scr/robocup/amr_robot_ws/install/arm_interfaces/include/arm_interfaces/arm_interfaces/srv/detail/get_target_pose__type_support.hpp
[0.151s] -- Up-to-date: /home/scr/robocup/amr_robot_ws/install/arm_interfaces/include/arm_interfaces/arm_interfaces/srv/detail/arm_command__struct.hpp
[0.151s] -- Up-to-date: /home/scr/robocup/amr_robot_ws/install/arm_interfaces/include/arm_interfaces/arm_interfaces/srv/detail/cargo__builder.hpp
[0.151s] -- Up-to-date: /home/scr/robocup/amr_robot_ws/install/arm_interfaces/include/arm_interfaces/arm_interfaces/srv/detail/get_target_pose__struct.hpp
[0.151s] -- Up-to-date: /home/scr/robocup/amr_robot_ws/install/arm_interfaces/include/arm_interfaces/arm_interfaces/srv/detail/arm_command__builder.hpp
[0.151s] -- Up-to-date: /home/scr/robocup/amr_robot_ws/install/arm_interfaces/include/arm_interfaces/arm_interfaces/srv/detail/arm_command__traits.hpp
[0.152s] -- Up-to-date: /home/scr/robocup/amr_robot_ws/install/arm_interfaces/include/arm_interfaces/arm_interfaces/srv/detail/get_target_pose__builder.hpp
[0.152s] -- Up-to-date: /home/scr/robocup/amr_robot_ws/install/arm_interfaces/include/arm_interfaces/arm_interfaces/srv/detail/arm_command__type_support.hpp
[0.152s] -- Up-to-date: /home/scr/robocup/amr_robot_ws/install/arm_interfaces/include/arm_interfaces/arm_interfaces/srv/detail/cargo__type_support.hpp
[0.152s] -- Up-to-date: /home/scr/robocup/amr_robot_ws/install/arm_interfaces/include/arm_interfaces/arm_interfaces/srv/detail/cargo__traits.hpp
[0.152s] -- Up-to-date: /home/scr/robocup/amr_robot_ws/install/arm_interfaces/include/arm_interfaces/arm_interfaces/srv/detail/get_target_pose__traits.hpp
[0.152s] -- Up-to-date: /home/scr/robocup/amr_robot_ws/install/arm_interfaces/include/arm_interfaces/arm_interfaces/srv/detail/cargo__struct.hpp
[0.152s] -- Up-to-date: /home/scr/robocup/amr_robot_ws/install/arm_interfaces/include/arm_interfaces/arm_interfaces/srv/get_target_pose.hpp
[0.152s] -- Up-to-date: /home/scr/robocup/amr_robot_ws/install/arm_interfaces/include/arm_interfaces/arm_interfaces/srv/cargo.hpp
[0.152s] -- Up-to-date: /home/scr/robocup/amr_robot_ws/install/arm_interfaces/include/arm_interfaces/arm_interfaces/srv/arm_command.hpp
[0.152s] -- Up-to-date: /home/scr/robocup/amr_robot_ws/install/arm_interfaces/include/arm_interfaces/arm_interfaces
[0.152s] -- Up-to-date: /home/scr/robocup/amr_robot_ws/install/arm_interfaces/include/arm_interfaces/arm_interfaces/msg
[0.152s] -- Up-to-date: /home/scr/robocup/amr_robot_ws/install/arm_interfaces/include/arm_interfaces/arm_interfaces/msg/rosidl_typesupport_fastrtps_cpp__visibility_control.h
[0.152s] -- Up-to-date: /home/scr/robocup/amr_robot_ws/install/arm_interfaces/include/arm_interfaces/arm_interfaces/srv
[0.152s] -- Up-to-date: /home/scr/robocup/amr_robot_ws/install/arm_interfaces/include/arm_interfaces/arm_interfaces/srv/detail
[0.152s] -- Up-to-date: /home/scr/robocup/amr_robot_ws/install/arm_interfaces/include/arm_interfaces/arm_interfaces/srv/detail/get_target_pose__rosidl_typesupport_fastrtps_cpp.hpp
[0.152s] -- Up-to-date: /home/scr/robocup/amr_robot_ws/install/arm_interfaces/include/arm_interfaces/arm_interfaces/srv/detail/dds_fastrtps
[0.152s] -- Up-to-date: /home/scr/robocup/amr_robot_ws/install/arm_interfaces/include/arm_interfaces/arm_interfaces/srv/detail/cargo__rosidl_typesupport_fastrtps_cpp.hpp
[0.152s] -- Up-to-date: /home/scr/robocup/amr_robot_ws/install/arm_interfaces/include/arm_interfaces/arm_interfaces/srv/detail/arm_command__rosidl_typesupport_fastrtps_cpp.hpp
[0.152s] -- Up-to-date: /home/scr/robocup/amr_robot_ws/install/arm_interfaces/lib/libarm_interfaces__rosidl_typesupport_fastrtps_cpp.so
[0.152s] -- Up-to-date: /home/scr/robocup/amr_robot_ws/install/arm_interfaces/include/arm_interfaces/arm_interfaces
[0.152s] -- Up-to-date: /home/scr/robocup/amr_robot_ws/install/arm_interfaces/include/arm_interfaces/arm_interfaces/srv
[0.152s] -- Up-to-date: /home/scr/robocup/amr_robot_ws/install/arm_interfaces/include/arm_interfaces/arm_interfaces/srv/detail
[0.152s] -- Up-to-date: /home/scr/robocup/amr_robot_ws/install/arm_interfaces/include/arm_interfaces/arm_interfaces/srv/detail/cargo__rosidl_typesupport_introspection_cpp.hpp
[0.152s] -- Up-to-date: /home/scr/robocup/amr_robot_ws/install/arm_interfaces/include/arm_interfaces/arm_interfaces/srv/detail/arm_command__rosidl_typesupport_introspection_cpp.hpp
[0.152s] -- Up-to-date: /home/scr/robocup/amr_robot_ws/install/arm_interfaces/include/arm_interfaces/arm_interfaces/srv/detail/cargo__type_support.cpp
[0.152s] -- Up-to-date: /home/scr/robocup/amr_robot_ws/install/arm_interfaces/include/arm_interfaces/arm_interfaces/srv/detail/get_target_pose__type_support.cpp
[0.152s] -- Up-to-date: /home/scr/robocup/amr_robot_ws/install/arm_interfaces/include/arm_interfaces/arm_interfaces/srv/detail/arm_command__type_support.cpp
[0.152s] -- Up-to-date: /home/scr/robocup/amr_robot_ws/install/arm_interfaces/include/arm_interfaces/arm_interfaces/srv/detail/get_target_pose__rosidl_typesupport_introspection_cpp.hpp
[0.152s] -- Up-to-date: /home/scr/robocup/amr_robot_ws/install/arm_interfaces/lib/libarm_interfaces__rosidl_typesupport_introspection_cpp.so
[0.152s] -- Up-to-date: /home/scr/robocup/amr_robot_ws/install/arm_interfaces/lib/libarm_interfaces__rosidl_typesupport_cpp.so
[0.152s] -- Up-to-date: /home/scr/robocup/amr_robot_ws/install/arm_interfaces/share/arm_interfaces/environment/pythonpath.sh
[0.152s] -- Up-to-date: /home/scr/robocup/amr_robot_ws/install/arm_interfaces/share/arm_interfaces/environment/pythonpath.dsv
[0.152s] -- Up-to-date: /home/scr/robocup/amr_robot_ws/install/arm_interfaces/local/lib/python3.10/dist-packages/arm_interfaces-0.0.0-py3.10.egg-info
[0.152s] -- Installing: /home/scr/robocup/amr_robot_ws/install/arm_interfaces/local/lib/python3.10/dist-packages/arm_interfaces-0.0.0-py3.10.egg-info/dependency_links.txt
[0.152s] -- Installing: /home/scr/robocup/amr_robot_ws/install/arm_interfaces/local/lib/python3.10/dist-packages/arm_interfaces-0.0.0-py3.10.egg-info/PKG-INFO
[0.152s] -- Installing: /home/scr/robocup/amr_robot_ws/install/arm_interfaces/local/lib/python3.10/dist-packages/arm_interfaces-0.0.0-py3.10.egg-info/top_level.txt
[0.152s] -- Installing: /home/scr/robocup/amr_robot_ws/install/arm_interfaces/local/lib/python3.10/dist-packages/arm_interfaces-0.0.0-py3.10.egg-info/SOURCES.txt
[0.152s] -- Up-to-date: /home/scr/robocup/amr_robot_ws/install/arm_interfaces/local/lib/python3.10/dist-packages/arm_interfaces
[0.152s] -- Up-to-date: /home/scr/robocup/amr_robot_ws/install/arm_interfaces/local/lib/python3.10/dist-packages/arm_interfaces/__init__.py
[0.152s] -- Up-to-date: /home/scr/robocup/amr_robot_ws/install/arm_interfaces/local/lib/python3.10/dist-packages/arm_interfaces/_arm_interfaces_s.ep.rosidl_typesupport_introspection_c.c
[0.152s] -- Up-to-date: /home/scr/robocup/amr_robot_ws/install/arm_interfaces/local/lib/python3.10/dist-packages/arm_interfaces/arm_interfaces_s__rosidl_typesupport_fastrtps_c.cpython-310-x86_64-linux-gnu.so
[0.152s] -- Up-to-date: /home/scr/robocup/amr_robot_ws/install/arm_interfaces/local/lib/python3.10/dist-packages/arm_interfaces/arm_interfaces_s__rosidl_typesupport_c.cpython-310-x86_64-linux-gnu.so
[0.152s] -- Up-to-date: /home/scr/robocup/amr_robot_ws/install/arm_interfaces/local/lib/python3.10/dist-packages/arm_interfaces/libarm_interfaces__rosidl_generator_py.so
[0.152s] -- Up-to-date: /home/scr/robocup/amr_robot_ws/install/arm_interfaces/local/lib/python3.10/dist-packages/arm_interfaces/_arm_interfaces_s.ep.rosidl_typesupport_fastrtps_c.c
[0.152s] -- Up-to-date: /home/scr/robocup/amr_robot_ws/install/arm_interfaces/local/lib/python3.10/dist-packages/arm_interfaces/_arm_interfaces_s.ep.rosidl_typesupport_c.c
[0.152s] -- Up-to-date: /home/scr/robocup/amr_robot_ws/install/arm_interfaces/local/lib/python3.10/dist-packages/arm_interfaces/srv
[0.152s] -- Up-to-date: /home/scr/robocup/amr_robot_ws/install/arm_interfaces/local/lib/python3.10/dist-packages/arm_interfaces/srv/__init__.py
[0.152s] -- Up-to-date: /home/scr/robocup/amr_robot_ws/install/arm_interfaces/local/lib/python3.10/dist-packages/arm_interfaces/srv/_arm_command_s.c
[0.152s] -- Up-to-date: /home/scr/robocup/amr_robot_ws/install/arm_interfaces/local/lib/python3.10/dist-packages/arm_interfaces/srv/_arm_command.py
[0.152s] -- Up-to-date: /home/scr/robocup/amr_robot_ws/install/arm_interfaces/local/lib/python3.10/dist-packages/arm_interfaces/srv/_cargo_s.c
[0.152s] -- Up-to-date: /home/scr/robocup/amr_robot_ws/install/arm_interfaces/local/lib/python3.10/dist-packages/arm_interfaces/srv/_get_target_pose_s.c
[0.152s] -- Up-to-date: /home/scr/robocup/amr_robot_ws/install/arm_interfaces/local/lib/python3.10/dist-packages/arm_interfaces/srv/_cargo.py
[0.153s] -- Up-to-date: /home/scr/robocup/amr_robot_ws/install/arm_interfaces/local/lib/python3.10/dist-packages/arm_interfaces/srv/_get_target_pose.py
[0.153s] -- Up-to-date: /home/scr/robocup/amr_robot_ws/install/arm_interfaces/local/lib/python3.10/dist-packages/arm_interfaces/arm_interfaces_s__rosidl_typesupport_introspection_c.cpython-310-x86_64-linux-gnu.so
[0.164s] Listing '/home/scr/robocup/amr_robot_ws/install/arm_interfaces/local/lib/python3.10/dist-packages/arm_interfaces'...
[0.164s] Listing '/home/scr/robocup/amr_robot_ws/install/arm_interfaces/local/lib/python3.10/dist-packages/arm_interfaces/srv'...
[0.166s] -- Up-to-date: /home/scr/robocup/amr_robot_ws/install/arm_interfaces/local/lib/python3.10/dist-packages/arm_interfaces/arm_interfaces_s__rosidl_typesupport_fastrtps_c.cpython-310-x86_64-linux-gnu.so
[0.166s] -- Up-to-date: /home/scr/robocup/amr_robot_ws/install/arm_interfaces/local/lib/python3.10/dist-packages/arm_interfaces/arm_interfaces_s__rosidl_typesupport_introspection_c.cpython-310-x86_64-linux-gnu.so
[0.166s] -- Up-to-date: /home/scr/robocup/amr_robot_ws/install/arm_interfaces/local/lib/python3.10/dist-packages/arm_interfaces/arm_interfaces_s__rosidl_typesupport_c.cpython-310-x86_64-linux-gnu.so
[0.166s] -- Up-to-date: /home/scr/robocup/amr_robot_ws/install/arm_interfaces/lib/libarm_interfaces__rosidl_generator_py.so
[0.166s] -- Up-to-date: /home/scr/robocup/amr_robot_ws/install/arm_interfaces/share/ament_index/resource_index/rust_packages/arm_interfaces
[0.166s] -- Up-to-date: /home/scr/robocup/amr_robot_ws/install/arm_interfaces/share/arm_interfaces/rust
[0.166s] -- Up-to-date: /home/scr/robocup/amr_robot_ws/install/arm_interfaces/share/arm_interfaces/rust/Cargo.toml
[0.166s] -- Up-to-date: /home/scr/robocup/amr_robot_ws/install/arm_interfaces/share/arm_interfaces/rust/build.rs
[0.166s] -- Up-to-date: /home/scr/robocup/amr_robot_ws/install/arm_interfaces/share/arm_interfaces/rust/src
[0.166s] -- Up-to-date: /home/scr/robocup/amr_robot_ws/install/arm_interfaces/share/arm_interfaces/rust/src/lib.rs
[0.166s] -- Up-to-date: /home/scr/robocup/amr_robot_ws/install/arm_interfaces/share/arm_interfaces/rust/src/srv.rs
[0.166s] -- Up-to-date: /home/scr/robocup/amr_robot_ws/install/arm_interfaces/share/arm_interfaces/rust/src/srv
[0.166s] -- Up-to-date: /home/scr/robocup/amr_robot_ws/install/arm_interfaces/share/arm_interfaces/rust/src/srv/rmw.rs
[0.166s] -- Up-to-date: /home/scr/robocup/amr_robot_ws/install/arm_interfaces/share/arm_interfaces/srv/ArmCommand.idl
[0.166s] -- Up-to-date: /home/scr/robocup/amr_robot_ws/install/arm_interfaces/share/arm_interfaces/srv/Cargo.idl
[0.167s] -- Up-to-date: /home/scr/robocup/amr_robot_ws/install/arm_interfaces/share/arm_interfaces/srv/GetTargetPose.idl
[0.167s] -- Up-to-date: /home/scr/robocup/amr_robot_ws/install/arm_interfaces/share/arm_interfaces/srv/ArmCommand.srv
[0.167s] -- Up-to-date: /home/scr/robocup/amr_robot_ws/install/arm_interfaces/share/arm_interfaces/srv/ArmCommand_Request.msg
[0.167s] -- Up-to-date: /home/scr/robocup/amr_robot_ws/install/arm_interfaces/share/arm_interfaces/srv/ArmCommand_Response.msg
[0.167s] -- Up-to-date: /home/scr/robocup/amr_robot_ws/install/arm_interfaces/share/arm_interfaces/srv/Cargo.srv
[0.167s] -- Up-to-date: /home/scr/robocup/amr_robot_ws/install/arm_interfaces/share/arm_interfaces/srv/Cargo_Request.msg
[0.167s] -- Up-to-date: /home/scr/robocup/amr_robot_ws/install/arm_interfaces/share/arm_interfaces/srv/Cargo_Response.msg
[0.167s] -- Up-to-date: /home/scr/robocup/amr_robot_ws/install/arm_interfaces/share/arm_interfaces/srv/GetTargetPose.srv
[0.167s] -- Up-to-date: /home/scr/robocup/amr_robot_ws/install/arm_interfaces/share/arm_interfaces/srv/GetTargetPose_Request.msg
[0.167s] -- Up-to-date: /home/scr/robocup/amr_robot_ws/install/arm_interfaces/share/arm_interfaces/srv/GetTargetPose_Response.msg
[0.167s] -- Up-to-date: /home/scr/robocup/amr_robot_ws/install/arm_interfaces/share/ament_index/resource_index/package_run_dependencies/arm_interfaces
[0.167s] -- Up-to-date: /home/scr/robocup/amr_robot_ws/install/arm_interfaces/share/ament_index/resource_index/parent_prefix_path/arm_interfaces
[0.167s] -- Up-to-date: /home/scr/robocup/amr_robot_ws/install/arm_interfaces/share/arm_interfaces/environment/ament_prefix_path.sh
[0.167s] -- Up-to-date: /home/scr/robocup/amr_robot_ws/install/arm_interfaces/share/arm_interfaces/environment/ament_prefix_path.dsv
[0.167s] -- Up-to-date: /home/scr/robocup/amr_robot_ws/install/arm_interfaces/share/arm_interfaces/environment/path.sh
[0.167s] -- Up-to-date: /home/scr/robocup/amr_robot_ws/install/arm_interfaces/share/arm_interfaces/environment/path.dsv
[0.167s] -- Up-to-date: /home/scr/robocup/amr_robot_ws/install/arm_interfaces/share/arm_interfaces/local_setup.bash
[0.167s] -- Up-to-date: /home/scr/robocup/amr_robot_ws/install/arm_interfaces/share/arm_interfaces/local_setup.sh
[0.167s] -- Up-to-date: /home/scr/robocup/amr_robot_ws/install/arm_interfaces/share/arm_interfaces/local_setup.zsh
[0.167s] -- Up-to-date: /home/scr/robocup/amr_robot_ws/install/arm_interfaces/share/arm_interfaces/local_setup.dsv
[0.167s] -- Installing: /home/scr/robocup/amr_robot_ws/install/arm_interfaces/share/arm_interfaces/package.dsv
[0.167s] -- Up-to-date: /home/scr/robocup/amr_robot_ws/install/arm_interfaces/share/ament_index/resource_index/packages/arm_interfaces
[0.167s] -- Up-to-date: /home/scr/robocup/amr_robot_ws/install/arm_interfaces/share/arm_interfaces/cmake/export_arm_interfaces__rosidl_generator_cExport.cmake
[0.167s] -- Up-to-date: /home/scr/robocup/amr_robot_ws/install/arm_interfaces/share/arm_interfaces/cmake/export_arm_interfaces__rosidl_generator_cExport-noconfig.cmake
[0.167s] -- Up-to-date: /home/scr/robocup/amr_robot_ws/install/arm_interfaces/share/arm_interfaces/cmake/export_arm_interfaces__rosidl_typesupport_fastrtps_cExport.cmake
[0.167s] -- Up-to-date: /home/scr/robocup/amr_robot_ws/install/arm_interfaces/share/arm_interfaces/cmake/export_arm_interfaces__rosidl_typesupport_fastrtps_cExport-noconfig.cmake
[0.167s] -- Up-to-date: /home/scr/robocup/amr_robot_ws/install/arm_interfaces/share/arm_interfaces/cmake/arm_interfaces__rosidl_typesupport_introspection_cExport.cmake
[0.167s] -- Up-to-date: /home/scr/robocup/amr_robot_ws/install/arm_interfaces/share/arm_interfaces/cmake/arm_interfaces__rosidl_typesupport_introspection_cExport-noconfig.cmake
[0.167s] -- Up-to-date: /home/scr/robocup/amr_robot_ws/install/arm_interfaces/share/arm_interfaces/cmake/arm_interfaces__rosidl_typesupport_cExport.cmake
[0.167s] -- Up-to-date: /home/scr/robocup/amr_robot_ws/install/arm_interfaces/share/arm_interfaces/cmake/arm_interfaces__rosidl_typesupport_cExport-noconfig.cmake
[0.167s] -- Up-to-date: /home/scr/robocup/amr_robot_ws/install/arm_interfaces/share/arm_interfaces/cmake/export_arm_interfaces__rosidl_generator_cppExport.cmake
[0.167s] -- Up-to-date: /home/scr/robocup/amr_robot_ws/install/arm_interfaces/share/arm_interfaces/cmake/export_arm_interfaces__rosidl_typesupport_fastrtps_cppExport.cmake
[0.167s] -- Up-to-date: /home/scr/robocup/amr_robot_ws/install/arm_interfaces/share/arm_interfaces/cmake/export_arm_interfaces__rosidl_typesupport_fastrtps_cppExport-noconfig.cmake
[0.167s] -- Up-to-date: /home/scr/robocup/amr_robot_ws/install/arm_interfaces/share/arm_interfaces/cmake/arm_interfaces__rosidl_typesupport_introspection_cppExport.cmake
[0.167s] -- Up-to-date: /home/scr/robocup/amr_robot_ws/install/arm_interfaces/share/arm_interfaces/cmake/arm_interfaces__rosidl_typesupport_introspection_cppExport-noconfig.cmake
[0.167s] -- Up-to-date: /home/scr/robocup/amr_robot_ws/install/arm_interfaces/share/arm_interfaces/cmake/arm_interfaces__rosidl_typesupport_cppExport.cmake
[0.167s] -- Up-to-date: /home/scr/robocup/amr_robot_ws/install/arm_interfaces/share/arm_interfaces/cmake/arm_interfaces__rosidl_typesupport_cppExport-noconfig.cmake
[0.167s] -- Up-to-date: /home/scr/robocup/amr_robot_ws/install/arm_interfaces/share/arm_interfaces/cmake/export_arm_interfaces__rosidl_generator_pyExport.cmake
[0.167s] -- Up-to-date: /home/scr/robocup/amr_robot_ws/install/arm_interfaces/share/arm_interfaces/cmake/export_arm_interfaces__rosidl_generator_pyExport-noconfig.cmake
[0.167s] -- Up-to-date: /home/scr/robocup/amr_robot_ws/install/arm_interfaces/share/arm_interfaces/cmake/rosidl_cmake-extras.cmake
[0.167s] -- Up-to-date: /home/scr/robocup/amr_robot_ws/install/arm_interfaces/share/arm_interfaces/cmake/ament_cmake_export_include_directories-extras.cmake
[0.167s] -- Up-to-date: /home/scr/robocup/amr_robot_ws/install/arm_interfaces/share/arm_interfaces/cmake/ament_cmake_export_libraries-extras.cmake
[0.167s] -- Up-to-date: /home/scr/robocup/amr_robot_ws/install/arm_interfaces/share/arm_interfaces/cmake/ament_cmake_export_targets-extras.cmake
[0.167s] -- Up-to-date: /home/scr/robocup/amr_robot_ws/install/arm_interfaces/share/arm_interfaces/cmake/rosidl_cmake_export_typesupport_targets-extras.cmake
[0.167s] -- Up-to-date: /home/scr/robocup/amr_robot_ws/install/arm_interfaces/share/arm_interfaces/cmake/ament_cmake_export_dependencies-extras.cmake
[0.167s] -- Up-to-date: /home/scr/robocup/amr_robot_ws/install/arm_interfaces/share/arm_interfaces/cmake/rosidl_cmake_export_typesupport_libraries-extras.cmake
[0.168s] -- Up-to-date: /home/scr/robocup/amr_robot_ws/install/arm_interfaces/share/arm_interfaces/cmake/arm_interfacesConfig.cmake
[0.168s] -- Up-to-date: /home/scr/robocup/amr_robot_ws/install/arm_interfaces/share/arm_interfaces/cmake/arm_interfacesConfig-version.cmake
[0.168s] -- Up-to-date: /home/scr/robocup/amr_robot_ws/install/arm_interfaces/share/arm_interfaces/package.xml
[0.168s] Invoked command in '/home/scr/robocup/amr_robot_ws/build/arm_interfaces' returned '0': CONDA_PROMPT_MODIFIER=(base) /usr/bin/cmake --install /home/scr/robocup/amr_robot_ws/build/arm_interfaces
