[0.357s] Invoking command in '/home/scr/robocup/amr_robot_ws/src/arm_controller_pkg': CMAKE_PREFIX_PATH=/home/scr/robocup/amr_robot_ws/install/arm_interfaces CONDA_PROMPT_MODIFIER=(base) LD_LIBRARY_PATH=/home/scr/robocup/amr_robot_ws/install/arm_interfaces/lib:${LD_LIBRARY_PATH} PKG_CONFIG_PATH=/home/scr/robocup/amr_robot_ws/install/arm_interfaces/lib/x86_64-linux-gnu/pkgconfig:/home/scr/robocup/amr_robot_ws/install/arm_interfaces/lib/pkgconfig PYTHONPATH=/home/scr/robocup/amr_robot_ws/build/arm_controller_pkg/prefix_override:/usr/lib/python3/dist-packages/colcon_core/task/python/colcon_distutils_commands:/home/scr/robocup/amr_robot_ws/install/arm_controller_pkg/lib/python3.10/site-packages:/home/scr/robocup/amr_robot_ws/install/arm_interfaces/local/lib/python3.10/dist-packages:${PYTHONPATH} ROS_PACKAGE_PATH=/home/scr/robocup/amr_robot_ws/install/arm_interfaces/share /usr/bin/python3 -W ignore:setup.py install is deprecated -W ignore:easy_install command is deprecated setup.py egg_info --egg-base ../../build/arm_controller_pkg build --build-base /home/scr/robocup/amr_robot_ws/build/arm_controller_pkg/build install --record /home/scr/robocup/amr_robot_ws/build/arm_controller_pkg/install.log --single-version-externally-managed install_data
[0.452s] running egg_info
[0.452s] writing ../../build/arm_controller_pkg/arm_controller_pkg.egg-info/PKG-INFO
[0.452s] writing dependency_links to ../../build/arm_controller_pkg/arm_controller_pkg.egg-info/dependency_links.txt
[0.452s] writing entry points to ../../build/arm_controller_pkg/arm_controller_pkg.egg-info/entry_points.txt
[0.452s] writing requirements to ../../build/arm_controller_pkg/arm_controller_pkg.egg-info/requires.txt
[0.452s] writing top-level names to ../../build/arm_controller_pkg/arm_controller_pkg.egg-info/top_level.txt
[0.453s] reading manifest file '../../build/arm_controller_pkg/arm_controller_pkg.egg-info/SOURCES.txt'
[0.453s] writing manifest file '../../build/arm_controller_pkg/arm_controller_pkg.egg-info/SOURCES.txt'
[0.453s] running build
[0.454s] running build_py
[0.454s] running install
[0.454s] running install_lib
[0.454s] running install_data
[0.454s] running install_egg_info
[0.455s] removing '/home/scr/robocup/amr_robot_ws/install/arm_controller_pkg/lib/python3.10/site-packages/arm_controller_pkg-0.0.0-py3.10.egg-info' (and everything under it)
[0.455s] Copying ../../build/arm_controller_pkg/arm_controller_pkg.egg-info to /home/scr/robocup/amr_robot_ws/install/arm_controller_pkg/lib/python3.10/site-packages/arm_controller_pkg-0.0.0-py3.10.egg-info
[0.455s] running install_scripts
[0.465s] Installing amr_robot_node script to /home/scr/robocup/amr_robot_ws/install/arm_controller_pkg/lib/arm_controller_pkg
[0.465s] Installing cargo_manager_node script to /home/scr/robocup/amr_robot_ws/install/arm_controller_pkg/lib/arm_controller_pkg
[0.465s] Installing gripper_node script to /home/scr/robocup/amr_robot_ws/install/arm_controller_pkg/lib/arm_controller_pkg
[0.465s] writing list of installed files to '/home/scr/robocup/amr_robot_ws/build/arm_controller_pkg/install.log'
[0.477s] Invoked command in '/home/scr/robocup/amr_robot_ws/src/arm_controller_pkg' returned '0': CMAKE_PREFIX_PATH=/home/scr/robocup/amr_robot_ws/install/arm_interfaces CONDA_PROMPT_MODIFIER=(base) LD_LIBRARY_PATH=/home/scr/robocup/amr_robot_ws/install/arm_interfaces/lib:${LD_LIBRARY_PATH} PKG_CONFIG_PATH=/home/scr/robocup/amr_robot_ws/install/arm_interfaces/lib/x86_64-linux-gnu/pkgconfig:/home/scr/robocup/amr_robot_ws/install/arm_interfaces/lib/pkgconfig PYTHONPATH=/home/scr/robocup/amr_robot_ws/build/arm_controller_pkg/prefix_override:/usr/lib/python3/dist-packages/colcon_core/task/python/colcon_distutils_commands:/home/scr/robocup/amr_robot_ws/install/arm_controller_pkg/lib/python3.10/site-packages:/home/scr/robocup/amr_robot_ws/install/arm_interfaces/local/lib/python3.10/dist-packages:${PYTHONPATH} ROS_PACKAGE_PATH=/home/scr/robocup/amr_robot_ws/install/arm_interfaces/share /usr/bin/python3 -W ignore:setup.py install is deprecated -W ignore:easy_install command is deprecated setup.py egg_info --egg-base ../../build/arm_controller_pkg build --build-base /home/scr/robocup/amr_robot_ws/build/arm_controller_pkg/build install --record /home/scr/robocup/amr_robot_ws/build/arm_controller_pkg/install.log --single-version-externally-managed install_data
