running egg_info
creating ../../build/arm_controller_pkg/arm_controller_pkg.egg-info
writing ../../build/arm_controller_pkg/arm_controller_pkg.egg-info/PKG-INFO
writing dependency_links to ../../build/arm_controller_pkg/arm_controller_pkg.egg-info/dependency_links.txt
writing entry points to ../../build/arm_controller_pkg/arm_controller_pkg.egg-info/entry_points.txt
writing requirements to ../../build/arm_controller_pkg/arm_controller_pkg.egg-info/requires.txt
writing top-level names to ../../build/arm_controller_pkg/arm_controller_pkg.egg-info/top_level.txt
writing manifest file '../../build/arm_controller_pkg/arm_controller_pkg.egg-info/SOURCES.txt'
reading manifest file '../../build/arm_controller_pkg/arm_controller_pkg.egg-info/SOURCES.txt'
writing manifest file '../../build/arm_controller_pkg/arm_controller_pkg.egg-info/SOURCES.txt'
running build
running build_py
creating /home/scr/robocup/amr_robot_ws/build/arm_controller_pkg/build
creating /home/scr/robocup/amr_robot_ws/build/arm_controller_pkg/build/lib
creating /home/scr/robocup/amr_robot_ws/build/arm_controller_pkg/build/lib/arm_controller_pkg
copying arm_controller_pkg/__init__.py -> /home/scr/robocup/amr_robot_ws/build/arm_controller_pkg/build/lib/arm_controller_pkg
copying arm_controller_pkg/gripper_node.py -> /home/scr/robocup/amr_robot_ws/build/arm_controller_pkg/build/lib/arm_controller_pkg
copying arm_controller_pkg/cargo_manager_node.py -> /home/scr/robocup/amr_robot_ws/build/arm_controller_pkg/build/lib/arm_controller_pkg
copying arm_controller_pkg/amr_robot_node.py -> /home/scr/robocup/amr_robot_ws/build/arm_controller_pkg/build/lib/arm_controller_pkg
running install
running install_lib
creating /home/scr/robocup/amr_robot_ws/install/arm_controller_pkg/lib/python3.10/site-packages/arm_controller_pkg
copying /home/scr/robocup/amr_robot_ws/build/arm_controller_pkg/build/lib/arm_controller_pkg/__init__.py -> /home/scr/robocup/amr_robot_ws/install/arm_controller_pkg/lib/python3.10/site-packages/arm_controller_pkg
copying /home/scr/robocup/amr_robot_ws/build/arm_controller_pkg/build/lib/arm_controller_pkg/gripper_node.py -> /home/scr/robocup/amr_robot_ws/install/arm_controller_pkg/lib/python3.10/site-packages/arm_controller_pkg
copying /home/scr/robocup/amr_robot_ws/build/arm_controller_pkg/build/lib/arm_controller_pkg/cargo_manager_node.py -> /home/scr/robocup/amr_robot_ws/install/arm_controller_pkg/lib/python3.10/site-packages/arm_controller_pkg
copying /home/scr/robocup/amr_robot_ws/build/arm_controller_pkg/build/lib/arm_controller_pkg/amr_robot_node.py -> /home/scr/robocup/amr_robot_ws/install/arm_controller_pkg/lib/python3.10/site-packages/arm_controller_pkg
byte-compiling /home/scr/robocup/amr_robot_ws/install/arm_controller_pkg/lib/python3.10/site-packages/arm_controller_pkg/__init__.py to __init__.cpython-310.pyc
byte-compiling /home/scr/robocup/amr_robot_ws/install/arm_controller_pkg/lib/python3.10/site-packages/arm_controller_pkg/gripper_node.py to gripper_node.cpython-310.pyc
byte-compiling /home/scr/robocup/amr_robot_ws/install/arm_controller_pkg/lib/python3.10/site-packages/arm_controller_pkg/cargo_manager_node.py to cargo_manager_node.cpython-310.pyc
byte-compiling /home/scr/robocup/amr_robot_ws/install/arm_controller_pkg/lib/python3.10/site-packages/arm_controller_pkg/amr_robot_node.py to amr_robot_node.cpython-310.pyc
running install_data
creating /home/scr/robocup/amr_robot_ws/install/arm_controller_pkg/share/ament_index
creating /home/scr/robocup/amr_robot_ws/install/arm_controller_pkg/share/ament_index/resource_index
creating /home/scr/robocup/amr_robot_ws/install/arm_controller_pkg/share/ament_index/resource_index/packages
copying resource/arm_controller_pkg -> /home/scr/robocup/amr_robot_ws/install/arm_controller_pkg/share/ament_index/resource_index/packages
copying package.xml -> /home/scr/robocup/amr_robot_ws/install/arm_controller_pkg/share/arm_controller_pkg
running install_egg_info
Copying ../../build/arm_controller_pkg/arm_controller_pkg.egg-info to /home/scr/robocup/amr_robot_ws/install/arm_controller_pkg/lib/python3.10/site-packages/arm_controller_pkg-0.0.0-py3.10.egg-info
running install_scripts
Installing amr_robot_node script to /home/scr/robocup/amr_robot_ws/install/arm_controller_pkg/lib/arm_controller_pkg
Installing cargo_manager_node script to /home/scr/robocup/amr_robot_ws/install/arm_controller_pkg/lib/arm_controller_pkg
Installing gripper_node script to /home/scr/robocup/amr_robot_ws/install/arm_controller_pkg/lib/arm_controller_pkg
writing list of installed files to '/home/scr/robocup/amr_robot_ws/build/arm_controller_pkg/install.log'
