[0.350s] Invoking command in '/home/scr/robocup/amr_robot_ws/src/arm_controller_pkg': CMAKE_PREFIX_PATH=/home/scr/robocup/amr_robot_ws/install/arm_interfaces CONDA_PROMPT_MODIFIER=(base) LD_LIBRARY_PATH=/home/scr/robocup/amr_robot_ws/install/arm_interfaces/lib:${LD_LIBRARY_PATH} PKG_CONFIG_PATH=/home/scr/robocup/amr_robot_ws/install/arm_interfaces/lib/x86_64-linux-gnu/pkgconfig:/home/scr/robocup/amr_robot_ws/install/arm_interfaces/lib/pkgconfig PYTHONPATH=/home/scr/robocup/amr_robot_ws/build/arm_controller_pkg/prefix_override:/usr/lib/python3/dist-packages/colcon_core/task/python/colcon_distutils_commands:/home/scr/robocup/amr_robot_ws/install/arm_controller_pkg/lib/python3.10/site-packages:/home/scr/robocup/amr_robot_ws/install/arm_interfaces/local/lib/python3.10/dist-packages:${PYTHONPATH} ROS_PACKAGE_PATH=/home/scr/robocup/amr_robot_ws/install/arm_interfaces/share /usr/bin/python3 -W ignore:setup.py install is deprecated -W ignore:easy_install command is deprecated setup.py egg_info --egg-base ../../build/arm_controller_pkg build --build-base /home/scr/robocup/amr_robot_ws/build/arm_controller_pkg/build install --record /home/scr/robocup/amr_robot_ws/build/arm_controller_pkg/install.log --single-version-externally-managed install_data
[0.445s] running egg_info
[0.445s] creating ../../build/arm_controller_pkg/arm_controller_pkg.egg-info
[0.445s] writing ../../build/arm_controller_pkg/arm_controller_pkg.egg-info/PKG-INFO
[0.445s] writing dependency_links to ../../build/arm_controller_pkg/arm_controller_pkg.egg-info/dependency_links.txt
[0.445s] writing entry points to ../../build/arm_controller_pkg/arm_controller_pkg.egg-info/entry_points.txt
[0.445s] writing requirements to ../../build/arm_controller_pkg/arm_controller_pkg.egg-info/requires.txt
[0.445s] writing top-level names to ../../build/arm_controller_pkg/arm_controller_pkg.egg-info/top_level.txt
[0.445s] writing manifest file '../../build/arm_controller_pkg/arm_controller_pkg.egg-info/SOURCES.txt'
[0.446s] reading manifest file '../../build/arm_controller_pkg/arm_controller_pkg.egg-info/SOURCES.txt'
[0.447s] writing manifest file '../../build/arm_controller_pkg/arm_controller_pkg.egg-info/SOURCES.txt'
[0.447s] running build
[0.447s] running build_py
[0.447s] creating /home/scr/robocup/amr_robot_ws/build/arm_controller_pkg/build
[0.447s] creating /home/scr/robocup/amr_robot_ws/build/arm_controller_pkg/build/lib
[0.447s] creating /home/scr/robocup/amr_robot_ws/build/arm_controller_pkg/build/lib/arm_controller_pkg
[0.447s] copying arm_controller_pkg/__init__.py -> /home/scr/robocup/amr_robot_ws/build/arm_controller_pkg/build/lib/arm_controller_pkg
[0.447s] copying arm_controller_pkg/gripper_node.py -> /home/scr/robocup/amr_robot_ws/build/arm_controller_pkg/build/lib/arm_controller_pkg
[0.447s] copying arm_controller_pkg/cargo_manager_node.py -> /home/scr/robocup/amr_robot_ws/build/arm_controller_pkg/build/lib/arm_controller_pkg
[0.447s] copying arm_controller_pkg/amr_robot_node.py -> /home/scr/robocup/amr_robot_ws/build/arm_controller_pkg/build/lib/arm_controller_pkg
[0.447s] running install
[0.447s] running install_lib
[0.447s] creating /home/scr/robocup/amr_robot_ws/install/arm_controller_pkg/lib/python3.10/site-packages/arm_controller_pkg
[0.447s] copying /home/scr/robocup/amr_robot_ws/build/arm_controller_pkg/build/lib/arm_controller_pkg/__init__.py -> /home/scr/robocup/amr_robot_ws/install/arm_controller_pkg/lib/python3.10/site-packages/arm_controller_pkg
[0.447s] copying /home/scr/robocup/amr_robot_ws/build/arm_controller_pkg/build/lib/arm_controller_pkg/gripper_node.py -> /home/scr/robocup/amr_robot_ws/install/arm_controller_pkg/lib/python3.10/site-packages/arm_controller_pkg
[0.447s] copying /home/scr/robocup/amr_robot_ws/build/arm_controller_pkg/build/lib/arm_controller_pkg/cargo_manager_node.py -> /home/scr/robocup/amr_robot_ws/install/arm_controller_pkg/lib/python3.10/site-packages/arm_controller_pkg
[0.447s] copying /home/scr/robocup/amr_robot_ws/build/arm_controller_pkg/build/lib/arm_controller_pkg/amr_robot_node.py -> /home/scr/robocup/amr_robot_ws/install/arm_controller_pkg/lib/python3.10/site-packages/arm_controller_pkg
[0.448s] byte-compiling /home/scr/robocup/amr_robot_ws/install/arm_controller_pkg/lib/python3.10/site-packages/arm_controller_pkg/__init__.py to __init__.cpython-310.pyc
[0.448s] byte-compiling /home/scr/robocup/amr_robot_ws/install/arm_controller_pkg/lib/python3.10/site-packages/arm_controller_pkg/gripper_node.py to gripper_node.cpython-310.pyc
[0.448s] byte-compiling /home/scr/robocup/amr_robot_ws/install/arm_controller_pkg/lib/python3.10/site-packages/arm_controller_pkg/cargo_manager_node.py to cargo_manager_node.cpython-310.pyc
[0.449s] byte-compiling /home/scr/robocup/amr_robot_ws/install/arm_controller_pkg/lib/python3.10/site-packages/arm_controller_pkg/amr_robot_node.py to amr_robot_node.cpython-310.pyc
[0.450s] running install_data
[0.450s] creating /home/scr/robocup/amr_robot_ws/install/arm_controller_pkg/share/ament_index
[0.450s] creating /home/scr/robocup/amr_robot_ws/install/arm_controller_pkg/share/ament_index/resource_index
[0.451s] creating /home/scr/robocup/amr_robot_ws/install/arm_controller_pkg/share/ament_index/resource_index/packages
[0.451s] copying resource/arm_controller_pkg -> /home/scr/robocup/amr_robot_ws/install/arm_controller_pkg/share/ament_index/resource_index/packages
[0.451s] copying package.xml -> /home/scr/robocup/amr_robot_ws/install/arm_controller_pkg/share/arm_controller_pkg
[0.451s] running install_egg_info
[0.451s] Copying ../../build/arm_controller_pkg/arm_controller_pkg.egg-info to /home/scr/robocup/amr_robot_ws/install/arm_controller_pkg/lib/python3.10/site-packages/arm_controller_pkg-0.0.0-py3.10.egg-info
[0.452s] running install_scripts
[0.461s] Installing amr_robot_node script to /home/scr/robocup/amr_robot_ws/install/arm_controller_pkg/lib/arm_controller_pkg
[0.461s] Installing cargo_manager_node script to /home/scr/robocup/amr_robot_ws/install/arm_controller_pkg/lib/arm_controller_pkg
[0.461s] Installing gripper_node script to /home/scr/robocup/amr_robot_ws/install/arm_controller_pkg/lib/arm_controller_pkg
[0.461s] writing list of installed files to '/home/scr/robocup/amr_robot_ws/build/arm_controller_pkg/install.log'
[0.475s] Invoked command in '/home/scr/robocup/amr_robot_ws/src/arm_controller_pkg' returned '0': CMAKE_PREFIX_PATH=/home/scr/robocup/amr_robot_ws/install/arm_interfaces CONDA_PROMPT_MODIFIER=(base) LD_LIBRARY_PATH=/home/scr/robocup/amr_robot_ws/install/arm_interfaces/lib:${LD_LIBRARY_PATH} PKG_CONFIG_PATH=/home/scr/robocup/amr_robot_ws/install/arm_interfaces/lib/x86_64-linux-gnu/pkgconfig:/home/scr/robocup/amr_robot_ws/install/arm_interfaces/lib/pkgconfig PYTHONPATH=/home/scr/robocup/amr_robot_ws/build/arm_controller_pkg/prefix_override:/usr/lib/python3/dist-packages/colcon_core/task/python/colcon_distutils_commands:/home/scr/robocup/amr_robot_ws/install/arm_controller_pkg/lib/python3.10/site-packages:/home/scr/robocup/amr_robot_ws/install/arm_interfaces/local/lib/python3.10/dist-packages:${PYTHONPATH} ROS_PACKAGE_PATH=/home/scr/robocup/amr_robot_ws/install/arm_interfaces/share /usr/bin/python3 -W ignore:setup.py install is deprecated -W ignore:easy_install command is deprecated setup.py egg_info --egg-base ../../build/arm_controller_pkg build --build-base /home/scr/robocup/amr_robot_ws/build/arm_controller_pkg/build install --record /home/scr/robocup/amr_robot_ws/build/arm_controller_pkg/install.log --single-version-externally-managed install_data
