[0.039s] DEBUG:colcon:Command line arguments: ['/usr/bin/colcon', 'build']
[0.039s] DEBUG:colcon:Parsed command line arguments: Namespace(log_base=None, log_level=None, verb_name='build', build_base='build', install_base='install', merge_install=False, symlink_install=False, test_result_base=None, continue_on_error=False, executor='parallel', parallel_workers=24, event_handlers=None, ignore_user_meta=False, metas=['./colcon.meta'], base_paths=['.'], packages_ignore=None, packages_ignore_regex=None, paths=None, packages_up_to=None, packages_up_to_regex=None, packages_above=None, packages_above_and_dependencies=None, packages_above_depth=None, packages_select_by_dep=None, packages_skip_by_dep=None, packages_skip_up_to=None, packages_select_build_failed=False, packages_skip_build_finished=False, packages_select_test_failures=False, packages_skip_test_passed=False, packages_select=None, packages_skip=None, packages_select_regex=None, packages_skip_regex=None, packages_start=None, packages_end=None, allow_overriding=[], cmake_args=None, cmake_target=None, cmake_target_skip_unavailable=False, cmake_clean_cache=False, cmake_clean_first=False, cmake_force_configure=False, ament_cmake_args=None, catkin_cmake_args=None, catkin_skip_building_tests=False, verb_parser=<colcon_defaults.argument_parser.defaults.DefaultArgumentsDecorator object at 0x7a034595f4f0>, verb_extension=<colcon_core.verb.build.BuildVerb object at 0x7a034595efe0>, main=<bound method BuildVerb.main of <colcon_core.verb.build.BuildVerb object at 0x7a034595efe0>>)
[0.103s] Level 1:colcon.colcon_core.package_discovery:discover_packages(colcon_meta) check parameters
[0.103s] Level 1:colcon.colcon_core.package_discovery:discover_packages(recursive) check parameters
[0.103s] Level 1:colcon.colcon_core.package_discovery:discover_packages(ignore) check parameters
[0.103s] Level 1:colcon.colcon_core.package_discovery:discover_packages(path) check parameters
[0.103s] Level 1:colcon.colcon_core.package_discovery:discover_packages(colcon_meta) discover
[0.103s] Level 1:colcon.colcon_core.package_discovery:discover_packages(recursive) discover
[0.103s] INFO:colcon.colcon_core.package_discovery:Crawling recursively for packages in '/home/scr/robocup/amr_robot_ws'
[0.103s] Level 1:colcon.colcon_core.package_identification:_identify(.) by extensions ['ignore', 'ignore_ament_install']
[0.103s] Level 1:colcon.colcon_core.package_identification:_identify(.) by extension 'ignore'
[0.103s] Level 1:colcon.colcon_core.package_identification:_identify(.) by extension 'ignore_ament_install'
[0.103s] Level 1:colcon.colcon_core.package_identification:_identify(.) by extensions ['colcon_pkg']
[0.103s] Level 1:colcon.colcon_core.package_identification:_identify(.) by extension 'colcon_pkg'
[0.103s] Level 1:colcon.colcon_core.package_identification:_identify(.) by extensions ['colcon_meta']
[0.103s] Level 1:colcon.colcon_core.package_identification:_identify(.) by extension 'colcon_meta'
[0.103s] Level 1:colcon.colcon_core.package_identification:_identify(.) by extensions ['ros']
[0.103s] Level 1:colcon.colcon_core.package_identification:_identify(.) by extension 'ros'
[0.112s] Level 1:colcon.colcon_core.package_identification:_identify(.) by extensions ['cmake', 'python']
[0.112s] Level 1:colcon.colcon_core.package_identification:_identify(.) by extension 'cmake'
[0.112s] Level 1:colcon.colcon_core.package_identification:_identify(.) by extension 'python'
[0.112s] Level 1:colcon.colcon_core.package_identification:_identify(.) by extensions ['python_setup_py']
[0.112s] Level 1:colcon.colcon_core.package_identification:_identify(.) by extension 'python_setup_py'
[0.112s] Level 1:colcon.colcon_core.package_identification:_identify(build) by extensions ['ignore', 'ignore_ament_install']
[0.112s] Level 1:colcon.colcon_core.package_identification:_identify(build) by extension 'ignore'
[0.112s] Level 1:colcon.colcon_core.package_identification:_identify(build) ignored
[0.112s] Level 1:colcon.colcon_core.package_identification:_identify(install) by extensions ['ignore', 'ignore_ament_install']
[0.112s] Level 1:colcon.colcon_core.package_identification:_identify(install) by extension 'ignore'
[0.112s] Level 1:colcon.colcon_core.package_identification:_identify(install) ignored
[0.112s] Level 1:colcon.colcon_core.package_identification:_identify(log) by extensions ['ignore', 'ignore_ament_install']
[0.112s] Level 1:colcon.colcon_core.package_identification:_identify(log) by extension 'ignore'
[0.112s] Level 1:colcon.colcon_core.package_identification:_identify(log) ignored
[0.112s] Level 1:colcon.colcon_core.package_identification:_identify(src) by extensions ['ignore', 'ignore_ament_install']
[0.112s] Level 1:colcon.colcon_core.package_identification:_identify(src) by extension 'ignore'
[0.112s] Level 1:colcon.colcon_core.package_identification:_identify(src) by extension 'ignore_ament_install'
[0.112s] Level 1:colcon.colcon_core.package_identification:_identify(src) by extensions ['colcon_pkg']
[0.112s] Level 1:colcon.colcon_core.package_identification:_identify(src) by extension 'colcon_pkg'
[0.112s] Level 1:colcon.colcon_core.package_identification:_identify(src) by extensions ['colcon_meta']
[0.112s] Level 1:colcon.colcon_core.package_identification:_identify(src) by extension 'colcon_meta'
[0.112s] Level 1:colcon.colcon_core.package_identification:_identify(src) by extensions ['ros']
[0.112s] Level 1:colcon.colcon_core.package_identification:_identify(src) by extension 'ros'
[0.112s] Level 1:colcon.colcon_core.package_identification:_identify(src) by extensions ['cmake', 'python']
[0.112s] Level 1:colcon.colcon_core.package_identification:_identify(src) by extension 'cmake'
[0.112s] Level 1:colcon.colcon_core.package_identification:_identify(src) by extension 'python'
[0.112s] Level 1:colcon.colcon_core.package_identification:_identify(src) by extensions ['python_setup_py']
[0.112s] Level 1:colcon.colcon_core.package_identification:_identify(src) by extension 'python_setup_py'
[0.112s] Level 1:colcon.colcon_core.package_identification:_identify(src/arm_controller_pkg) by extensions ['ignore', 'ignore_ament_install']
[0.112s] Level 1:colcon.colcon_core.package_identification:_identify(src/arm_controller_pkg) by extension 'ignore'
[0.112s] Level 1:colcon.colcon_core.package_identification:_identify(src/arm_controller_pkg) by extension 'ignore_ament_install'
[0.112s] Level 1:colcon.colcon_core.package_identification:_identify(src/arm_controller_pkg) by extensions ['colcon_pkg']
[0.113s] Level 1:colcon.colcon_core.package_identification:_identify(src/arm_controller_pkg) by extension 'colcon_pkg'
[0.113s] Level 1:colcon.colcon_core.package_identification:_identify(src/arm_controller_pkg) by extensions ['colcon_meta']
[0.113s] Level 1:colcon.colcon_core.package_identification:_identify(src/arm_controller_pkg) by extension 'colcon_meta'
[0.113s] Level 1:colcon.colcon_core.package_identification:_identify(src/arm_controller_pkg) by extensions ['ros']
[0.113s] Level 1:colcon.colcon_core.package_identification:_identify(src/arm_controller_pkg) by extension 'ros'
[0.114s] DEBUG:colcon.colcon_core.package_identification:Package 'src/arm_controller_pkg' with type 'ros.ament_python' and name 'arm_controller_pkg'
[0.114s] Level 1:colcon.colcon_core.package_identification:_identify(src/arm_interfaces) by extensions ['ignore', 'ignore_ament_install']
[0.114s] Level 1:colcon.colcon_core.package_identification:_identify(src/arm_interfaces) by extension 'ignore'
[0.114s] Level 1:colcon.colcon_core.package_identification:_identify(src/arm_interfaces) by extension 'ignore_ament_install'
[0.114s] Level 1:colcon.colcon_core.package_identification:_identify(src/arm_interfaces) by extensions ['colcon_pkg']
[0.114s] Level 1:colcon.colcon_core.package_identification:_identify(src/arm_interfaces) by extension 'colcon_pkg'
[0.114s] Level 1:colcon.colcon_core.package_identification:_identify(src/arm_interfaces) by extensions ['colcon_meta']
[0.114s] Level 1:colcon.colcon_core.package_identification:_identify(src/arm_interfaces) by extension 'colcon_meta'
[0.114s] Level 1:colcon.colcon_core.package_identification:_identify(src/arm_interfaces) by extensions ['ros']
[0.114s] Level 1:colcon.colcon_core.package_identification:_identify(src/arm_interfaces) by extension 'ros'
[0.114s] DEBUG:colcon.colcon_core.package_identification:Package 'src/arm_interfaces' with type 'ros.catkin' and name 'arm_interfaces'
[0.114s] Level 1:colcon.colcon_core.package_identification:_identify(src/vision_pkg) by extensions ['ignore', 'ignore_ament_install']
[0.114s] Level 1:colcon.colcon_core.package_identification:_identify(src/vision_pkg) by extension 'ignore'
[0.114s] Level 1:colcon.colcon_core.package_identification:_identify(src/vision_pkg) by extension 'ignore_ament_install'
[0.114s] Level 1:colcon.colcon_core.package_identification:_identify(src/vision_pkg) by extensions ['colcon_pkg']
[0.114s] Level 1:colcon.colcon_core.package_identification:_identify(src/vision_pkg) by extension 'colcon_pkg'
[0.114s] Level 1:colcon.colcon_core.package_identification:_identify(src/vision_pkg) by extensions ['colcon_meta']
[0.114s] Level 1:colcon.colcon_core.package_identification:_identify(src/vision_pkg) by extension 'colcon_meta'
[0.114s] Level 1:colcon.colcon_core.package_identification:_identify(src/vision_pkg) by extensions ['ros']
[0.114s] Level 1:colcon.colcon_core.package_identification:_identify(src/vision_pkg) by extension 'ros'
[0.114s] DEBUG:colcon.colcon_core.package_identification:Package 'src/vision_pkg' with type 'ros.ament_python' and name 'vision_pkg'
[0.114s] Level 1:colcon.colcon_core.package_discovery:discover_packages(recursive) using defaults
[0.114s] Level 1:colcon.colcon_core.package_discovery:discover_packages(ignore) discover
[0.115s] Level 1:colcon.colcon_core.package_discovery:discover_packages(ignore) using defaults
[0.115s] Level 1:colcon.colcon_core.package_discovery:discover_packages(path) discover
[0.115s] Level 1:colcon.colcon_core.package_discovery:discover_packages(path) using defaults
[0.122s] Level 1:colcon.colcon_core.package_discovery:discover_packages(prefix_path) check parameters
[0.122s] Level 1:colcon.colcon_core.package_discovery:discover_packages(prefix_path) discover
[0.123s] DEBUG:colcon.colcon_installed_package_information.package_discovery:Found 457 installed packages in /opt/ros/humble
[0.124s] Level 1:colcon.colcon_core.package_discovery:discover_packages(prefix_path) using defaults
[0.143s] Level 5:colcon.colcon_core.verb:set package 'arm_interfaces' build argument 'cmake_args' from command line to 'None'
[0.143s] Level 5:colcon.colcon_core.verb:set package 'arm_interfaces' build argument 'cmake_target' from command line to 'None'
[0.143s] Level 5:colcon.colcon_core.verb:set package 'arm_interfaces' build argument 'cmake_target_skip_unavailable' from command line to 'False'
[0.143s] Level 5:colcon.colcon_core.verb:set package 'arm_interfaces' build argument 'cmake_clean_cache' from command line to 'False'
[0.143s] Level 5:colcon.colcon_core.verb:set package 'arm_interfaces' build argument 'cmake_clean_first' from command line to 'False'
[0.143s] Level 5:colcon.colcon_core.verb:set package 'arm_interfaces' build argument 'cmake_force_configure' from command line to 'False'
[0.143s] Level 5:colcon.colcon_core.verb:set package 'arm_interfaces' build argument 'ament_cmake_args' from command line to 'None'
[0.143s] Level 5:colcon.colcon_core.verb:set package 'arm_interfaces' build argument 'catkin_cmake_args' from command line to 'None'
[0.143s] Level 5:colcon.colcon_core.verb:set package 'arm_interfaces' build argument 'catkin_skip_building_tests' from command line to 'False'
[0.143s] DEBUG:colcon.colcon_core.verb:Building package 'arm_interfaces' with the following arguments: {'ament_cmake_args': None, 'build_base': '/home/scr/robocup/amr_robot_ws/build/arm_interfaces', 'catkin_cmake_args': None, 'catkin_skip_building_tests': False, 'cmake_args': None, 'cmake_clean_cache': False, 'cmake_clean_first': False, 'cmake_force_configure': False, 'cmake_target': None, 'cmake_target_skip_unavailable': False, 'install_base': '/home/scr/robocup/amr_robot_ws/install/arm_interfaces', 'merge_install': False, 'path': '/home/scr/robocup/amr_robot_ws/src/arm_interfaces', 'symlink_install': False, 'test_result_base': None}
[0.143s] Level 5:colcon.colcon_core.verb:set package 'arm_controller_pkg' build argument 'cmake_args' from command line to 'None'
[0.143s] Level 5:colcon.colcon_core.verb:set package 'arm_controller_pkg' build argument 'cmake_target' from command line to 'None'
[0.143s] Level 5:colcon.colcon_core.verb:set package 'arm_controller_pkg' build argument 'cmake_target_skip_unavailable' from command line to 'False'
[0.143s] Level 5:colcon.colcon_core.verb:set package 'arm_controller_pkg' build argument 'cmake_clean_cache' from command line to 'False'
[0.143s] Level 5:colcon.colcon_core.verb:set package 'arm_controller_pkg' build argument 'cmake_clean_first' from command line to 'False'
[0.143s] Level 5:colcon.colcon_core.verb:set package 'arm_controller_pkg' build argument 'cmake_force_configure' from command line to 'False'
[0.143s] Level 5:colcon.colcon_core.verb:set package 'arm_controller_pkg' build argument 'ament_cmake_args' from command line to 'None'
[0.144s] Level 5:colcon.colcon_core.verb:set package 'arm_controller_pkg' build argument 'catkin_cmake_args' from command line to 'None'
[0.144s] Level 5:colcon.colcon_core.verb:set package 'arm_controller_pkg' build argument 'catkin_skip_building_tests' from command line to 'False'
[0.144s] DEBUG:colcon.colcon_core.verb:Building package 'arm_controller_pkg' with the following arguments: {'ament_cmake_args': None, 'build_base': '/home/scr/robocup/amr_robot_ws/build/arm_controller_pkg', 'catkin_cmake_args': None, 'catkin_skip_building_tests': False, 'cmake_args': None, 'cmake_clean_cache': False, 'cmake_clean_first': False, 'cmake_force_configure': False, 'cmake_target': None, 'cmake_target_skip_unavailable': False, 'install_base': '/home/scr/robocup/amr_robot_ws/install/arm_controller_pkg', 'merge_install': False, 'path': '/home/scr/robocup/amr_robot_ws/src/arm_controller_pkg', 'symlink_install': False, 'test_result_base': None}
[0.144s] Level 5:colcon.colcon_core.verb:set package 'vision_pkg' build argument 'cmake_args' from command line to 'None'
[0.144s] Level 5:colcon.colcon_core.verb:set package 'vision_pkg' build argument 'cmake_target' from command line to 'None'
[0.144s] Level 5:colcon.colcon_core.verb:set package 'vision_pkg' build argument 'cmake_target_skip_unavailable' from command line to 'False'
[0.144s] Level 5:colcon.colcon_core.verb:set package 'vision_pkg' build argument 'cmake_clean_cache' from command line to 'False'
[0.144s] Level 5:colcon.colcon_core.verb:set package 'vision_pkg' build argument 'cmake_clean_first' from command line to 'False'
[0.144s] Level 5:colcon.colcon_core.verb:set package 'vision_pkg' build argument 'cmake_force_configure' from command line to 'False'
[0.144s] Level 5:colcon.colcon_core.verb:set package 'vision_pkg' build argument 'ament_cmake_args' from command line to 'None'
[0.144s] Level 5:colcon.colcon_core.verb:set package 'vision_pkg' build argument 'catkin_cmake_args' from command line to 'None'
[0.144s] Level 5:colcon.colcon_core.verb:set package 'vision_pkg' build argument 'catkin_skip_building_tests' from command line to 'False'
[0.144s] DEBUG:colcon.colcon_core.verb:Building package 'vision_pkg' with the following arguments: {'ament_cmake_args': None, 'build_base': '/home/scr/robocup/amr_robot_ws/build/vision_pkg', 'catkin_cmake_args': None, 'catkin_skip_building_tests': False, 'cmake_args': None, 'cmake_clean_cache': False, 'cmake_clean_first': False, 'cmake_force_configure': False, 'cmake_target': None, 'cmake_target_skip_unavailable': False, 'install_base': '/home/scr/robocup/amr_robot_ws/install/vision_pkg', 'merge_install': False, 'path': '/home/scr/robocup/amr_robot_ws/src/vision_pkg', 'symlink_install': False, 'test_result_base': None}
[0.144s] INFO:colcon.colcon_core.executor:Executing jobs using 'parallel' executor
[0.144s] DEBUG:colcon.colcon_parallel_executor.executor.parallel:run_until_complete
[0.144s] INFO:colcon.colcon_ros.task.catkin.build:Building ROS package in '/home/scr/robocup/amr_robot_ws/src/arm_interfaces' with build type 'catkin'
[0.145s] INFO:colcon.colcon_cmake.task.cmake.build:Building CMake package in '/home/scr/robocup/amr_robot_ws/src/arm_interfaces'
[0.145s] INFO:colcon.colcon_core.plugin_system:Skipping extension 'colcon_core.shell.bat': Not used on non-Windows systems
[0.145s] INFO:colcon.colcon_core.shell:Skip shell extension 'powershell' for command environment: Not usable outside of PowerShell
[0.145s] DEBUG:colcon.colcon_core.shell:Skip shell extension 'dsv' for command environment
[0.150s] DEBUG:colcon.colcon_core.event_handler.log_command:Invoking command in '/home/scr/robocup/amr_robot_ws/build/arm_interfaces': CONDA_PROMPT_MODIFIER=(base) /usr/bin/cmake --build /home/scr/robocup/amr_robot_ws/build/arm_interfaces -- -j24 -l24
[0.287s] DEBUG:colcon.colcon_core.event_handler.log_command:Invoked command in '/home/scr/robocup/amr_robot_ws/build/arm_interfaces' returned '0': CONDA_PROMPT_MODIFIER=(base) /usr/bin/cmake --build /home/scr/robocup/amr_robot_ws/build/arm_interfaces -- -j24 -l24
[0.292s] DEBUG:colcon.colcon_core.event_handler.log_command:Invoking command in '/home/scr/robocup/amr_robot_ws/build/arm_interfaces': CONDA_PROMPT_MODIFIER=(base) /usr/bin/cmake --install /home/scr/robocup/amr_robot_ws/build/arm_interfaces
[0.313s] DEBUG:colcon.colcon_core.event_handler.log_command:Invoked command in '/home/scr/robocup/amr_robot_ws/build/arm_interfaces' returned '0': CONDA_PROMPT_MODIFIER=(base) /usr/bin/cmake --install /home/scr/robocup/amr_robot_ws/build/arm_interfaces
[0.313s] Level 1:colcon.colcon_core.shell:create_environment_hook('arm_interfaces', 'ros_package_path')
[0.313s] INFO:colcon.colcon_core.shell:Creating environment hook '/home/scr/robocup/amr_robot_ws/install/arm_interfaces/share/arm_interfaces/hook/ros_package_path.ps1'
[0.314s] INFO:colcon.colcon_core.shell:Creating environment descriptor '/home/scr/robocup/amr_robot_ws/install/arm_interfaces/share/arm_interfaces/hook/ros_package_path.dsv'
[0.314s] INFO:colcon.colcon_core.shell:Creating environment hook '/home/scr/robocup/amr_robot_ws/install/arm_interfaces/share/arm_interfaces/hook/ros_package_path.sh'
[0.314s] Level 1:colcon.colcon_ros.task.catkin:checking '/home/scr/robocup/amr_robot_ws/install/arm_interfaces/local/lib/python3.10/dist-packages'
[0.314s] Level 1:colcon.colcon_core.shell:create_environment_hook('arm_interfaces', 'catkin_pythonpath')
[0.314s] INFO:colcon.colcon_core.shell:Creating environment hook '/home/scr/robocup/amr_robot_ws/install/arm_interfaces/share/arm_interfaces/hook/catkin_pythonpath.ps1'
[0.314s] INFO:colcon.colcon_core.shell:Creating environment descriptor '/home/scr/robocup/amr_robot_ws/install/arm_interfaces/share/arm_interfaces/hook/catkin_pythonpath.dsv'
[0.314s] INFO:colcon.colcon_core.shell:Creating environment hook '/home/scr/robocup/amr_robot_ws/install/arm_interfaces/share/arm_interfaces/hook/catkin_pythonpath.sh'
[0.315s] Level 1:colcon.colcon_core.shell:create_environment_hook('arm_interfaces', 'pkg_config_path')
[0.315s] INFO:colcon.colcon_core.shell:Creating environment hook '/home/scr/robocup/amr_robot_ws/install/arm_interfaces/share/arm_interfaces/hook/pkg_config_path.ps1'
[0.315s] INFO:colcon.colcon_core.shell:Creating environment descriptor '/home/scr/robocup/amr_robot_ws/install/arm_interfaces/share/arm_interfaces/hook/pkg_config_path.dsv'
[0.315s] INFO:colcon.colcon_core.shell:Creating environment hook '/home/scr/robocup/amr_robot_ws/install/arm_interfaces/share/arm_interfaces/hook/pkg_config_path.sh'
[0.316s] Level 1:colcon.colcon_core.shell:create_environment_hook('arm_interfaces', 'pkg_config_path_multiarch')
[0.316s] INFO:colcon.colcon_core.shell:Creating environment hook '/home/scr/robocup/amr_robot_ws/install/arm_interfaces/share/arm_interfaces/hook/pkg_config_path_multiarch.ps1'
[0.316s] INFO:colcon.colcon_core.shell:Creating environment descriptor '/home/scr/robocup/amr_robot_ws/install/arm_interfaces/share/arm_interfaces/hook/pkg_config_path_multiarch.dsv'
[0.316s] INFO:colcon.colcon_core.shell:Creating environment hook '/home/scr/robocup/amr_robot_ws/install/arm_interfaces/share/arm_interfaces/hook/pkg_config_path_multiarch.sh'
[0.317s] Level 1:colcon.colcon_core.environment:create_environment_scripts_only(arm_interfaces)
[0.317s] Level 1:colcon.colcon_core.environment:checking '/home/scr/robocup/amr_robot_ws/install/arm_interfaces' for CMake module files
[0.318s] Level 1:colcon.colcon_core.environment:checking '/home/scr/robocup/amr_robot_ws/install/arm_interfaces' for CMake config files
[0.318s] Level 1:colcon.colcon_core.shell:create_environment_hook('arm_interfaces', 'cmake_prefix_path')
[0.318s] INFO:colcon.colcon_core.shell:Creating environment hook '/home/scr/robocup/amr_robot_ws/install/arm_interfaces/share/arm_interfaces/hook/cmake_prefix_path.ps1'
[0.318s] INFO:colcon.colcon_core.shell:Creating environment descriptor '/home/scr/robocup/amr_robot_ws/install/arm_interfaces/share/arm_interfaces/hook/cmake_prefix_path.dsv'
[0.318s] INFO:colcon.colcon_core.shell:Creating environment hook '/home/scr/robocup/amr_robot_ws/install/arm_interfaces/share/arm_interfaces/hook/cmake_prefix_path.sh'
[0.318s] Level 1:colcon.colcon_core.environment:checking '/home/scr/robocup/amr_robot_ws/install/arm_interfaces/lib'
[0.318s] Level 1:colcon.colcon_core.shell:create_environment_hook('arm_interfaces', 'ld_library_path_lib')
[0.318s] INFO:colcon.colcon_core.shell:Creating environment hook '/home/scr/robocup/amr_robot_ws/install/arm_interfaces/share/arm_interfaces/hook/ld_library_path_lib.ps1'
[0.319s] INFO:colcon.colcon_core.shell:Creating environment descriptor '/home/scr/robocup/amr_robot_ws/install/arm_interfaces/share/arm_interfaces/hook/ld_library_path_lib.dsv'
[0.319s] INFO:colcon.colcon_core.shell:Creating environment hook '/home/scr/robocup/amr_robot_ws/install/arm_interfaces/share/arm_interfaces/hook/ld_library_path_lib.sh'
[0.319s] Level 1:colcon.colcon_core.environment:checking '/home/scr/robocup/amr_robot_ws/install/arm_interfaces/bin'
[0.319s] Level 1:colcon.colcon_core.environment:checking '/home/scr/robocup/amr_robot_ws/install/arm_interfaces/lib/pkgconfig/arm_interfaces.pc'
[0.319s] Level 1:colcon.colcon_core.environment:checking '/home/scr/robocup/amr_robot_ws/install/arm_interfaces/lib/python3.10/site-packages'
[0.319s] Level 1:colcon.colcon_core.environment:checking '/home/scr/robocup/amr_robot_ws/install/arm_interfaces/bin'
[0.319s] INFO:colcon.colcon_core.shell:Creating package script '/home/scr/robocup/amr_robot_ws/install/arm_interfaces/share/arm_interfaces/package.ps1'
[0.320s] INFO:colcon.colcon_core.shell:Creating package descriptor '/home/scr/robocup/amr_robot_ws/install/arm_interfaces/share/arm_interfaces/package.dsv'
[0.320s] INFO:colcon.colcon_core.shell:Creating package script '/home/scr/robocup/amr_robot_ws/install/arm_interfaces/share/arm_interfaces/package.sh'
[0.320s] INFO:colcon.colcon_core.shell:Creating package script '/home/scr/robocup/amr_robot_ws/install/arm_interfaces/share/arm_interfaces/package.bash'
[0.320s] INFO:colcon.colcon_core.shell:Creating package script '/home/scr/robocup/amr_robot_ws/install/arm_interfaces/share/arm_interfaces/package.zsh'
[0.321s] Level 1:colcon.colcon_core.environment:create_file_with_runtime_dependencies(/home/scr/robocup/amr_robot_ws/install/arm_interfaces/share/colcon-core/packages/arm_interfaces)
[0.321s] INFO:colcon.colcon_ros.task.ament_python.build:Building ROS package in '/home/scr/robocup/amr_robot_ws/src/arm_controller_pkg' with build type 'ament_python'
[0.321s] Level 1:colcon.colcon_core.shell:create_environment_hook('arm_controller_pkg', 'ament_prefix_path')
[0.321s] INFO:colcon.colcon_core.shell:Creating environment hook '/home/scr/robocup/amr_robot_ws/install/arm_controller_pkg/share/arm_controller_pkg/hook/ament_prefix_path.ps1'
[0.321s] INFO:colcon.colcon_core.shell:Creating environment descriptor '/home/scr/robocup/amr_robot_ws/install/arm_controller_pkg/share/arm_controller_pkg/hook/ament_prefix_path.dsv'
[0.321s] INFO:colcon.colcon_core.shell:Creating environment hook '/home/scr/robocup/amr_robot_ws/install/arm_controller_pkg/share/arm_controller_pkg/hook/ament_prefix_path.sh'
[0.322s] INFO:colcon.colcon_core.shell:Skip shell extension 'powershell' for command environment: Not usable outside of PowerShell
[0.322s] DEBUG:colcon.colcon_core.shell:Skip shell extension 'dsv' for command environment
[0.323s] INFO:colcon.colcon_ros.task.ament_python.build:Building ROS package in '/home/scr/robocup/amr_robot_ws/src/vision_pkg' with build type 'ament_python'
[0.323s] Level 1:colcon.colcon_core.shell:create_environment_hook('vision_pkg', 'ament_prefix_path')
[0.323s] INFO:colcon.colcon_core.shell:Creating environment hook '/home/scr/robocup/amr_robot_ws/install/vision_pkg/share/vision_pkg/hook/ament_prefix_path.ps1'
[0.323s] INFO:colcon.colcon_core.shell:Creating environment descriptor '/home/scr/robocup/amr_robot_ws/install/vision_pkg/share/vision_pkg/hook/ament_prefix_path.dsv'
[0.323s] INFO:colcon.colcon_core.shell:Creating environment hook '/home/scr/robocup/amr_robot_ws/install/vision_pkg/share/vision_pkg/hook/ament_prefix_path.sh'
[0.323s] INFO:colcon.colcon_core.shell:Skip shell extension 'powershell' for command environment: Not usable outside of PowerShell
[0.323s] DEBUG:colcon.colcon_core.shell:Skip shell extension 'dsv' for command environment
[0.429s] INFO:colcon.colcon_core.task.python.build:Building Python package in '/home/scr/robocup/amr_robot_ws/src/arm_controller_pkg'
[0.429s] INFO:colcon.colcon_core.shell:Skip shell extension 'powershell' for command environment: Not usable outside of PowerShell
[0.429s] DEBUG:colcon.colcon_core.shell:Skip shell extension 'dsv' for command environment
[0.534s] INFO:colcon.colcon_core.task.python.build:Building Python package in '/home/scr/robocup/amr_robot_ws/src/vision_pkg'
[0.534s] INFO:colcon.colcon_core.shell:Skip shell extension 'powershell' for command environment: Not usable outside of PowerShell
[0.534s] DEBUG:colcon.colcon_core.shell:Skip shell extension 'dsv' for command environment
[0.678s] DEBUG:colcon.colcon_core.event_handler.log_command:Invoking command in '/home/scr/robocup/amr_robot_ws/src/arm_controller_pkg': CMAKE_PREFIX_PATH=/home/scr/robocup/amr_robot_ws/install/arm_interfaces CONDA_PROMPT_MODIFIER=(base) LD_LIBRARY_PATH=/home/scr/robocup/amr_robot_ws/install/arm_interfaces/lib:${LD_LIBRARY_PATH} PKG_CONFIG_PATH=/home/scr/robocup/amr_robot_ws/install/arm_interfaces/lib/x86_64-linux-gnu/pkgconfig:/home/scr/robocup/amr_robot_ws/install/arm_interfaces/lib/pkgconfig PYTHONPATH=/home/scr/robocup/amr_robot_ws/build/arm_controller_pkg/prefix_override:/usr/lib/python3/dist-packages/colcon_core/task/python/colcon_distutils_commands:/home/scr/robocup/amr_robot_ws/install/arm_controller_pkg/lib/python3.10/site-packages:/home/scr/robocup/amr_robot_ws/install/arm_interfaces/local/lib/python3.10/dist-packages:${PYTHONPATH} ROS_PACKAGE_PATH=/home/scr/robocup/amr_robot_ws/install/arm_interfaces/share /usr/bin/python3 -W ignore:setup.py install is deprecated -W ignore:easy_install command is deprecated setup.py egg_info --egg-base ../../build/arm_controller_pkg build --build-base /home/scr/robocup/amr_robot_ws/build/arm_controller_pkg/build install --record /home/scr/robocup/amr_robot_ws/build/arm_controller_pkg/install.log --single-version-externally-managed install_data
[0.684s] DEBUG:colcon.colcon_core.event_handler.log_command:Invoking command in '/home/scr/robocup/amr_robot_ws/src/vision_pkg': CMAKE_PREFIX_PATH=/home/scr/robocup/amr_robot_ws/install/arm_interfaces CONDA_PROMPT_MODIFIER=(base) LD_LIBRARY_PATH=/home/scr/robocup/amr_robot_ws/install/arm_interfaces/lib:${LD_LIBRARY_PATH} PKG_CONFIG_PATH=/home/scr/robocup/amr_robot_ws/install/arm_interfaces/lib/x86_64-linux-gnu/pkgconfig:/home/scr/robocup/amr_robot_ws/install/arm_interfaces/lib/pkgconfig PYTHONPATH=/home/scr/robocup/amr_robot_ws/build/vision_pkg/prefix_override:/usr/lib/python3/dist-packages/colcon_core/task/python/colcon_distutils_commands:/home/scr/robocup/amr_robot_ws/install/vision_pkg/lib/python3.10/site-packages:/home/scr/robocup/amr_robot_ws/install/arm_interfaces/local/lib/python3.10/dist-packages:${PYTHONPATH} ROS_PACKAGE_PATH=/home/scr/robocup/amr_robot_ws/install/arm_interfaces/share /usr/bin/python3 -W ignore:setup.py install is deprecated -W ignore:easy_install command is deprecated setup.py egg_info --egg-base ../../build/vision_pkg build --build-base /home/scr/robocup/amr_robot_ws/build/vision_pkg/build install --record /home/scr/robocup/amr_robot_ws/build/vision_pkg/install.log --single-version-externally-managed install_data
[0.798s] Level 1:colcon.colcon_core.environment:checking '/home/scr/robocup/amr_robot_ws/install/arm_controller_pkg' for CMake module files
[0.799s] DEBUG:colcon.colcon_core.event_handler.log_command:Invoked command in '/home/scr/robocup/amr_robot_ws/src/arm_controller_pkg' returned '0': CMAKE_PREFIX_PATH=/home/scr/robocup/amr_robot_ws/install/arm_interfaces CONDA_PROMPT_MODIFIER=(base) LD_LIBRARY_PATH=/home/scr/robocup/amr_robot_ws/install/arm_interfaces/lib:${LD_LIBRARY_PATH} PKG_CONFIG_PATH=/home/scr/robocup/amr_robot_ws/install/arm_interfaces/lib/x86_64-linux-gnu/pkgconfig:/home/scr/robocup/amr_robot_ws/install/arm_interfaces/lib/pkgconfig PYTHONPATH=/home/scr/robocup/amr_robot_ws/build/arm_controller_pkg/prefix_override:/usr/lib/python3/dist-packages/colcon_core/task/python/colcon_distutils_commands:/home/scr/robocup/amr_robot_ws/install/arm_controller_pkg/lib/python3.10/site-packages:/home/scr/robocup/amr_robot_ws/install/arm_interfaces/local/lib/python3.10/dist-packages:${PYTHONPATH} ROS_PACKAGE_PATH=/home/scr/robocup/amr_robot_ws/install/arm_interfaces/share /usr/bin/python3 -W ignore:setup.py install is deprecated -W ignore:easy_install command is deprecated setup.py egg_info --egg-base ../../build/arm_controller_pkg build --build-base /home/scr/robocup/amr_robot_ws/build/arm_controller_pkg/build install --record /home/scr/robocup/amr_robot_ws/build/arm_controller_pkg/install.log --single-version-externally-managed install_data
[0.799s] Level 1:colcon.colcon_core.environment:checking '/home/scr/robocup/amr_robot_ws/install/arm_controller_pkg' for CMake config files
[0.799s] Level 1:colcon.colcon_core.environment:checking '/home/scr/robocup/amr_robot_ws/install/arm_controller_pkg/lib'
[0.799s] Level 1:colcon.colcon_core.environment:checking '/home/scr/robocup/amr_robot_ws/install/arm_controller_pkg/bin'
[0.799s] Level 1:colcon.colcon_core.environment:checking '/home/scr/robocup/amr_robot_ws/install/arm_controller_pkg/lib/pkgconfig/arm_controller_pkg.pc'
[0.799s] Level 1:colcon.colcon_core.environment:checking '/home/scr/robocup/amr_robot_ws/install/arm_controller_pkg/lib/python3.10/site-packages'
[0.799s] Level 1:colcon.colcon_core.shell:create_environment_hook('arm_controller_pkg', 'pythonpath')
[0.799s] INFO:colcon.colcon_core.shell:Creating environment hook '/home/scr/robocup/amr_robot_ws/install/arm_controller_pkg/share/arm_controller_pkg/hook/pythonpath.ps1'
[0.800s] INFO:colcon.colcon_core.shell:Creating environment descriptor '/home/scr/robocup/amr_robot_ws/install/arm_controller_pkg/share/arm_controller_pkg/hook/pythonpath.dsv'
[0.800s] INFO:colcon.colcon_core.shell:Creating environment hook '/home/scr/robocup/amr_robot_ws/install/arm_controller_pkg/share/arm_controller_pkg/hook/pythonpath.sh'
[0.800s] Level 1:colcon.colcon_core.environment:checking '/home/scr/robocup/amr_robot_ws/install/arm_controller_pkg/bin'
[0.800s] Level 1:colcon.colcon_core.environment:create_environment_scripts_only(arm_controller_pkg)
[0.800s] INFO:colcon.colcon_core.shell:Creating package script '/home/scr/robocup/amr_robot_ws/install/arm_controller_pkg/share/arm_controller_pkg/package.ps1'
[0.800s] INFO:colcon.colcon_core.shell:Creating package descriptor '/home/scr/robocup/amr_robot_ws/install/arm_controller_pkg/share/arm_controller_pkg/package.dsv'
[0.800s] INFO:colcon.colcon_core.shell:Creating package script '/home/scr/robocup/amr_robot_ws/install/arm_controller_pkg/share/arm_controller_pkg/package.sh'
[0.801s] INFO:colcon.colcon_core.shell:Creating package script '/home/scr/robocup/amr_robot_ws/install/arm_controller_pkg/share/arm_controller_pkg/package.bash'
[0.801s] INFO:colcon.colcon_core.shell:Creating package script '/home/scr/robocup/amr_robot_ws/install/arm_controller_pkg/share/arm_controller_pkg/package.zsh'
[0.801s] Level 1:colcon.colcon_core.environment:create_file_with_runtime_dependencies(/home/scr/robocup/amr_robot_ws/install/arm_controller_pkg/share/colcon-core/packages/arm_controller_pkg)
[0.802s] Level 1:colcon.colcon_core.environment:checking '/home/scr/robocup/amr_robot_ws/install/vision_pkg' for CMake module files
[0.802s] DEBUG:colcon.colcon_core.event_handler.log_command:Invoked command in '/home/scr/robocup/amr_robot_ws/src/vision_pkg' returned '0': CMAKE_PREFIX_PATH=/home/scr/robocup/amr_robot_ws/install/arm_interfaces CONDA_PROMPT_MODIFIER=(base) LD_LIBRARY_PATH=/home/scr/robocup/amr_robot_ws/install/arm_interfaces/lib:${LD_LIBRARY_PATH} PKG_CONFIG_PATH=/home/scr/robocup/amr_robot_ws/install/arm_interfaces/lib/x86_64-linux-gnu/pkgconfig:/home/scr/robocup/amr_robot_ws/install/arm_interfaces/lib/pkgconfig PYTHONPATH=/home/scr/robocup/amr_robot_ws/build/vision_pkg/prefix_override:/usr/lib/python3/dist-packages/colcon_core/task/python/colcon_distutils_commands:/home/scr/robocup/amr_robot_ws/install/vision_pkg/lib/python3.10/site-packages:/home/scr/robocup/amr_robot_ws/install/arm_interfaces/local/lib/python3.10/dist-packages:${PYTHONPATH} ROS_PACKAGE_PATH=/home/scr/robocup/amr_robot_ws/install/arm_interfaces/share /usr/bin/python3 -W ignore:setup.py install is deprecated -W ignore:easy_install command is deprecated setup.py egg_info --egg-base ../../build/vision_pkg build --build-base /home/scr/robocup/amr_robot_ws/build/vision_pkg/build install --record /home/scr/robocup/amr_robot_ws/build/vision_pkg/install.log --single-version-externally-managed install_data
[0.802s] Level 1:colcon.colcon_core.environment:checking '/home/scr/robocup/amr_robot_ws/install/vision_pkg' for CMake config files
[0.803s] Level 1:colcon.colcon_core.environment:checking '/home/scr/robocup/amr_robot_ws/install/vision_pkg/lib'
[0.803s] Level 1:colcon.colcon_core.environment:checking '/home/scr/robocup/amr_robot_ws/install/vision_pkg/bin'
[0.803s] Level 1:colcon.colcon_core.environment:checking '/home/scr/robocup/amr_robot_ws/install/vision_pkg/lib/pkgconfig/vision_pkg.pc'
[0.803s] Level 1:colcon.colcon_core.environment:checking '/home/scr/robocup/amr_robot_ws/install/vision_pkg/lib/python3.10/site-packages'
[0.803s] Level 1:colcon.colcon_core.shell:create_environment_hook('vision_pkg', 'pythonpath')
[0.803s] INFO:colcon.colcon_core.shell:Creating environment hook '/home/scr/robocup/amr_robot_ws/install/vision_pkg/share/vision_pkg/hook/pythonpath.ps1'
[0.803s] INFO:colcon.colcon_core.shell:Creating environment descriptor '/home/scr/robocup/amr_robot_ws/install/vision_pkg/share/vision_pkg/hook/pythonpath.dsv'
[0.803s] INFO:colcon.colcon_core.shell:Creating environment hook '/home/scr/robocup/amr_robot_ws/install/vision_pkg/share/vision_pkg/hook/pythonpath.sh'
[0.803s] Level 1:colcon.colcon_core.environment:checking '/home/scr/robocup/amr_robot_ws/install/vision_pkg/bin'
[0.803s] Level 1:colcon.colcon_core.environment:create_environment_scripts_only(vision_pkg)
[0.804s] INFO:colcon.colcon_core.shell:Creating package script '/home/scr/robocup/amr_robot_ws/install/vision_pkg/share/vision_pkg/package.ps1'
[0.804s] INFO:colcon.colcon_core.shell:Creating package descriptor '/home/scr/robocup/amr_robot_ws/install/vision_pkg/share/vision_pkg/package.dsv'
[0.804s] INFO:colcon.colcon_core.shell:Creating package script '/home/scr/robocup/amr_robot_ws/install/vision_pkg/share/vision_pkg/package.sh'
[0.804s] INFO:colcon.colcon_core.shell:Creating package script '/home/scr/robocup/amr_robot_ws/install/vision_pkg/share/vision_pkg/package.bash'
[0.804s] INFO:colcon.colcon_core.shell:Creating package script '/home/scr/robocup/amr_robot_ws/install/vision_pkg/share/vision_pkg/package.zsh'
[0.804s] Level 1:colcon.colcon_core.environment:create_file_with_runtime_dependencies(/home/scr/robocup/amr_robot_ws/install/vision_pkg/share/colcon-core/packages/vision_pkg)
[0.805s] DEBUG:colcon.colcon_parallel_executor.executor.parallel:closing loop
[0.805s] DEBUG:colcon.colcon_parallel_executor.executor.parallel:loop closed
[0.805s] DEBUG:colcon.colcon_parallel_executor.executor.parallel:run_until_complete finished with '0'
[0.805s] DEBUG:colcon.colcon_core.event_reactor:joining thread
[0.807s] INFO:colcon.colcon_core.plugin_system:Skipping extension 'colcon_notification.desktop_notification.terminal_notifier': Not used on non-Darwin systems
[0.807s] INFO:colcon.colcon_core.plugin_system:Skipping extension 'colcon_notification.desktop_notification.win32': Not used on non-Windows systems
[0.807s] INFO:colcon.colcon_notification.desktop_notification:Sending desktop notification using 'notify2'
[0.812s] DEBUG:colcon.colcon_core.event_reactor:joined thread
[0.812s] INFO:colcon.colcon_core.shell:Creating prefix script '/home/scr/robocup/amr_robot_ws/install/local_setup.ps1'
[0.813s] INFO:colcon.colcon_core.shell:Creating prefix util module '/home/scr/robocup/amr_robot_ws/install/_local_setup_util_ps1.py'
[0.813s] INFO:colcon.colcon_core.shell:Creating prefix chain script '/home/scr/robocup/amr_robot_ws/install/setup.ps1'
[0.814s] INFO:colcon.colcon_core.shell:Creating prefix script '/home/scr/robocup/amr_robot_ws/install/local_setup.sh'
[0.814s] INFO:colcon.colcon_core.shell:Creating prefix util module '/home/scr/robocup/amr_robot_ws/install/_local_setup_util_sh.py'
[0.814s] INFO:colcon.colcon_core.shell:Creating prefix chain script '/home/scr/robocup/amr_robot_ws/install/setup.sh'
[0.814s] INFO:colcon.colcon_core.shell:Creating prefix script '/home/scr/robocup/amr_robot_ws/install/local_setup.bash'
[0.815s] INFO:colcon.colcon_core.shell:Creating prefix chain script '/home/scr/robocup/amr_robot_ws/install/setup.bash'
[0.815s] INFO:colcon.colcon_core.shell:Creating prefix script '/home/scr/robocup/amr_robot_ws/install/local_setup.zsh'
[0.815s] INFO:colcon.colcon_core.shell:Creating prefix chain script '/home/scr/robocup/amr_robot_ws/install/setup.zsh'
