[0.348s] Invoking command in '/home/scr/robocup/amr_robot_ws/src/vision_pkg': CMAKE_PREFIX_PATH=/home/scr/robocup/amr_robot_ws/install/arm_interfaces CONDA_PROMPT_MODIFIER=(base) LD_LIBRARY_PATH=/home/scr/robocup/amr_robot_ws/install/arm_interfaces/lib:${LD_LIBRARY_PATH} PKG_CONFIG_PATH=/home/scr/robocup/amr_robot_ws/install/arm_interfaces/lib/x86_64-linux-gnu/pkgconfig:/home/scr/robocup/amr_robot_ws/install/arm_interfaces/lib/pkgconfig PYTHONPATH=/home/scr/robocup/amr_robot_ws/build/vision_pkg/prefix_override:/usr/lib/python3/dist-packages/colcon_core/task/python/colcon_distutils_commands:/home/scr/robocup/amr_robot_ws/install/vision_pkg/lib/python3.10/site-packages:/home/scr/robocup/amr_robot_ws/install/arm_interfaces/local/lib/python3.10/dist-packages:${PYTHONPATH} ROS_PACKAGE_PATH=/home/scr/robocup/amr_robot_ws/install/arm_interfaces/share /usr/bin/python3 -W ignore:setup.py install is deprecated -W ignore:easy_install command is deprecated setup.py egg_info --egg-base ../../build/vision_pkg build --build-base /home/scr/robocup/amr_robot_ws/build/vision_pkg/build install --record /home/scr/robocup/amr_robot_ws/build/vision_pkg/install.log --single-version-externally-managed install_data
[0.455s] running egg_info
[0.455s] creating ../../build/vision_pkg/vision_pkg.egg-info
[0.455s] writing ../../build/vision_pkg/vision_pkg.egg-info/PKG-INFO
[0.455s] writing dependency_links to ../../build/vision_pkg/vision_pkg.egg-info/dependency_links.txt
[0.455s] writing entry points to ../../build/vision_pkg/vision_pkg.egg-info/entry_points.txt
[0.455s] writing requirements to ../../build/vision_pkg/vision_pkg.egg-info/requires.txt
[0.455s] writing top-level names to ../../build/vision_pkg/vision_pkg.egg-info/top_level.txt
[0.455s] writing manifest file '../../build/vision_pkg/vision_pkg.egg-info/SOURCES.txt'
[0.456s] reading manifest file '../../build/vision_pkg/vision_pkg.egg-info/SOURCES.txt'
[0.456s] writing manifest file '../../build/vision_pkg/vision_pkg.egg-info/SOURCES.txt'
[0.456s] running build
[0.456s] running build_py
[0.456s] creating /home/scr/robocup/amr_robot_ws/build/vision_pkg/build
[0.456s] creating /home/scr/robocup/amr_robot_ws/build/vision_pkg/build/lib
[0.456s] creating /home/scr/robocup/amr_robot_ws/build/vision_pkg/build/lib/vision_pkg
[0.456s] copying vision_pkg/__init__.py -> /home/scr/robocup/amr_robot_ws/build/vision_pkg/build/lib/vision_pkg
[0.456s] copying vision_pkg/vision_node.py -> /home/scr/robocup/amr_robot_ws/build/vision_pkg/build/lib/vision_pkg
[0.456s] creating /home/scr/robocup/amr_robot_ws/build/vision_pkg/build/lib/vision_pkg/models
[0.456s] copying vision_pkg/models/best.pt -> /home/scr/robocup/amr_robot_ws/build/vision_pkg/build/lib/vision_pkg/models
[0.458s] copying vision_pkg/models/best_old.pt -> /home/scr/robocup/amr_robot_ws/build/vision_pkg/build/lib/vision_pkg/models
[0.461s] running install
[0.461s] running install_lib
[0.461s] creating /home/scr/robocup/amr_robot_ws/install/vision_pkg/lib/python3.10/site-packages/vision_pkg
[0.461s] copying /home/scr/robocup/amr_robot_ws/build/vision_pkg/build/lib/vision_pkg/__init__.py -> /home/scr/robocup/amr_robot_ws/install/vision_pkg/lib/python3.10/site-packages/vision_pkg
[0.461s] copying /home/scr/robocup/amr_robot_ws/build/vision_pkg/build/lib/vision_pkg/vision_node.py -> /home/scr/robocup/amr_robot_ws/install/vision_pkg/lib/python3.10/site-packages/vision_pkg
[0.462s] creating /home/scr/robocup/amr_robot_ws/install/vision_pkg/lib/python3.10/site-packages/vision_pkg/models
[0.462s] copying /home/scr/robocup/amr_robot_ws/build/vision_pkg/build/lib/vision_pkg/models/best.pt -> /home/scr/robocup/amr_robot_ws/install/vision_pkg/lib/python3.10/site-packages/vision_pkg/models
[0.463s] copying /home/scr/robocup/amr_robot_ws/build/vision_pkg/build/lib/vision_pkg/models/best_old.pt -> /home/scr/robocup/amr_robot_ws/install/vision_pkg/lib/python3.10/site-packages/vision_pkg/models
[0.465s] byte-compiling /home/scr/robocup/amr_robot_ws/install/vision_pkg/lib/python3.10/site-packages/vision_pkg/__init__.py to __init__.cpython-310.pyc
[0.466s] byte-compiling /home/scr/robocup/amr_robot_ws/install/vision_pkg/lib/python3.10/site-packages/vision_pkg/vision_node.py to vision_node.cpython-310.pyc
[0.467s] running install_data
[0.467s] creating /home/scr/robocup/amr_robot_ws/install/vision_pkg/share/ament_index
[0.467s] creating /home/scr/robocup/amr_robot_ws/install/vision_pkg/share/ament_index/resource_index
[0.467s] creating /home/scr/robocup/amr_robot_ws/install/vision_pkg/share/ament_index/resource_index/packages
[0.467s] copying resource/vision_pkg -> /home/scr/robocup/amr_robot_ws/install/vision_pkg/share/ament_index/resource_index/packages
[0.467s] copying package.xml -> /home/scr/robocup/amr_robot_ws/install/vision_pkg/share/vision_pkg
[0.467s] running install_egg_info
[0.468s] Copying ../../build/vision_pkg/vision_pkg.egg-info to /home/scr/robocup/amr_robot_ws/install/vision_pkg/lib/python3.10/site-packages/vision_pkg-0.0.0-py3.10.egg-info
[0.468s] running install_scripts
[0.478s] Installing vision_node script to /home/scr/robocup/amr_robot_ws/install/vision_pkg/lib/vision_pkg
[0.478s] writing list of installed files to '/home/scr/robocup/amr_robot_ws/build/vision_pkg/install.log'
[0.498s] Invoked command in '/home/scr/robocup/amr_robot_ws/src/vision_pkg' returned '0': CMAKE_PREFIX_PATH=/home/scr/robocup/amr_robot_ws/install/arm_interfaces CONDA_PROMPT_MODIFIER=(base) LD_LIBRARY_PATH=/home/scr/robocup/amr_robot_ws/install/arm_interfaces/lib:${LD_LIBRARY_PATH} PKG_CONFIG_PATH=/home/scr/robocup/amr_robot_ws/install/arm_interfaces/lib/x86_64-linux-gnu/pkgconfig:/home/scr/robocup/amr_robot_ws/install/arm_interfaces/lib/pkgconfig PYTHONPATH=/home/scr/robocup/amr_robot_ws/build/vision_pkg/prefix_override:/usr/lib/python3/dist-packages/colcon_core/task/python/colcon_distutils_commands:/home/scr/robocup/amr_robot_ws/install/vision_pkg/lib/python3.10/site-packages:/home/scr/robocup/amr_robot_ws/install/arm_interfaces/local/lib/python3.10/dist-packages:${PYTHONPATH} ROS_PACKAGE_PATH=/home/scr/robocup/amr_robot_ws/install/arm_interfaces/share /usr/bin/python3 -W ignore:setup.py install is deprecated -W ignore:easy_install command is deprecated setup.py egg_info --egg-base ../../build/vision_pkg build --build-base /home/scr/robocup/amr_robot_ws/build/vision_pkg/build install --record /home/scr/robocup/amr_robot_ws/build/vision_pkg/install.log --single-version-externally-managed install_data
