-- The C compiler identification is GNU 11.4.0
-- The CXX compiler identification is GNU 11.4.0
-- Detecting C compiler ABI info
-- Detecting C compiler ABI info - done
-- Check for working C compiler: /usr/bin/cc - skipped
-- Detecting C compile features
-- Detecting C compile features - done
-- Detecting CXX compiler ABI info
-- Detecting CXX compiler ABI info - done
-- Check for working CXX compiler: /usr/bin/c++ - skipped
-- Detecting CXX compile features
-- Detecting CXX compile features - done
-- Found ament_cmake: 1.3.14 (/opt/ros/humble/share/ament_cmake/cmake)
-- Found Python3: /usr/bin/python3 (found version "3.10.12") found components: Interpreter 
-- Found rosidl_default_generators: 1.2.1 (/opt/ros/humble/share/rosidl_default_generators/cmake)
-- Using all available rosidl_typesupport_c: rosidl_typesupport_fastrtps_c;rosidl_typesupport_introspection_c
-- Found rosidl_adapter: 3.1.8 (/opt/ros/humble/share/rosidl_adapter/cmake)
-- Using all available rosidl_typesupport_cpp: rosidl_typesupport_fastrtps_cpp;rosidl_typesupport_introspection_cpp
-- Found ament_cmake_ros: 0.10.0 (/opt/ros/humble/share/ament_cmake_ros/cmake)
-- Using all available rosidl_typesupport_c: rosidl_typesupport_fastrtps_c;rosidl_typesupport_introspection_c
-- Using all available rosidl_typesupport_cpp: rosidl_typesupport_fastrtps_cpp;rosidl_typesupport_introspection_cpp
-- Found PythonInterp: /usr/bin/python3 (found suitable version "3.10.12", minimum required is "3.6") 
-- Found python_cmake_module: 0.10.0 (/opt/ros/humble/share/python_cmake_module/cmake)
-- Found PythonLibs: /usr/lib/x86_64-linux-gnu/libpython3.10.so (found suitable version "3.10.12", minimum required is "3.5") 
-- Using PYTHON_EXECUTABLE: /usr/bin/python3
-- Using PYTHON_INCLUDE_DIRS: /usr/include/python3.10
-- Using PYTHON_LIBRARIES: /usr/lib/x86_64-linux-gnu/libpython3.10.so
-- Found PythonExtra: .so  
-- Configuring done
-- Generating done
[33mCMake Warning:
  Manually-specified variables were not used by the project:

    CATKIN_INSTALL_INTO_PREFIX_ROOT

[0m
-- Build files have been written to: /home/scr/robocup/amr_robot_ws/build/arm_interfaces
[  2%] [34m[1mGenerating C code for ROS interfaces[0m
[  4%] [34m[1mGenerating C++ code for ROS interfaces[0m
[  6%] [34m[1mGenerating Rust code for ROS interfaces[0m
[  6%] Built target ament_cmake_python_copy_arm_interfaces
running egg_info
creating arm_interfaces.egg-info
writing arm_interfaces.egg-info/PKG-INFO
writing dependency_links to arm_interfaces.egg-info/dependency_links.txt
writing top-level names to arm_interfaces.egg-info/top_level.txt
writing manifest file 'arm_interfaces.egg-info/SOURCES.txt'
reading manifest file 'arm_interfaces.egg-info/SOURCES.txt'
writing manifest file 'arm_interfaces.egg-info/SOURCES.txt'
[  6%] Built target ament_cmake_python_build_arm_interfaces_egg
[  6%] Built target arm_interfaces__rs
[  8%] [32mBuilding C object CMakeFiles/arm_interfaces__rosidl_generator_c.dir/rosidl_generator_c/arm_interfaces/srv/detail/arm_command__functions.c.o[0m
[ 10%] [32mBuilding C object CMakeFiles/arm_interfaces__rosidl_generator_c.dir/rosidl_generator_c/arm_interfaces/srv/detail/cargo__functions.c.o[0m
[ 12%] [32mBuilding C object CMakeFiles/arm_interfaces__rosidl_generator_c.dir/rosidl_generator_c/arm_interfaces/srv/detail/get_target_pose__functions.c.o[0m
[ 12%] Built target arm_interfaces__cpp
[ 14%] [34m[1mGenerating C++ type support dispatch for ROS interfaces[0m
[ 18%] [34m[1mGenerating C++ type support for eProsima Fast-RTPS[0m
[ 18%] [34m[1mGenerating C++ introspection for ROS interfaces[0m
[ 20%] [32m[1mLinking C shared library libarm_interfaces__rosidl_generator_c.so[0m
[ 20%] Built target arm_interfaces__rosidl_generator_c
[ 25%] [34m[1mGenerating C type support for eProsima Fast-RTPS[0m
[ 25%] [34m[1mGenerating C introspection for ROS interfaces[0m
[ 27%] [34m[1mGenerating C type support dispatch for ROS interfaces[0m
[ 29%] [32mBuilding CXX object CMakeFiles/arm_interfaces__rosidl_typesupport_cpp.dir/rosidl_typesupport_cpp/arm_interfaces/srv/arm_command__type_support.cpp.o[0m
[ 31%] [32mBuilding CXX object CMakeFiles/arm_interfaces__rosidl_typesupport_cpp.dir/rosidl_typesupport_cpp/arm_interfaces/srv/cargo__type_support.cpp.o[0m
[ 33%] [32mBuilding CXX object CMakeFiles/arm_interfaces__rosidl_typesupport_cpp.dir/rosidl_typesupport_cpp/arm_interfaces/srv/get_target_pose__type_support.cpp.o[0m
[ 35%] [32mBuilding CXX object CMakeFiles/arm_interfaces__rosidl_typesupport_introspection_cpp.dir/rosidl_typesupport_introspection_cpp/arm_interfaces/srv/detail/arm_command__type_support.cpp.o[0m
[ 39%] [32mBuilding CXX object CMakeFiles/arm_interfaces__rosidl_typesupport_introspection_cpp.dir/rosidl_typesupport_introspection_cpp/arm_interfaces/srv/detail/get_target_pose__type_support.cpp.o[0m
[ 39%] [32mBuilding CXX object CMakeFiles/arm_interfaces__rosidl_typesupport_introspection_cpp.dir/rosidl_typesupport_introspection_cpp/arm_interfaces/srv/detail/cargo__type_support.cpp.o[0m
[ 41%] [32mBuilding CXX object CMakeFiles/arm_interfaces__rosidl_typesupport_fastrtps_cpp.dir/rosidl_typesupport_fastrtps_cpp/arm_interfaces/srv/detail/dds_fastrtps/get_target_pose__type_support.cpp.o[0m
[ 43%] [32mBuilding CXX object CMakeFiles/arm_interfaces__rosidl_typesupport_fastrtps_cpp.dir/rosidl_typesupport_fastrtps_cpp/arm_interfaces/srv/detail/dds_fastrtps/arm_command__type_support.cpp.o[0m
[ 45%] [32mBuilding CXX object CMakeFiles/arm_interfaces__rosidl_typesupport_fastrtps_cpp.dir/rosidl_typesupport_fastrtps_cpp/arm_interfaces/srv/detail/dds_fastrtps/cargo__type_support.cpp.o[0m
[ 47%] [32mBuilding CXX object CMakeFiles/arm_interfaces__rosidl_typesupport_c.dir/rosidl_typesupport_c/arm_interfaces/srv/arm_command__type_support.cpp.o[0m
[ 52%] [32mBuilding CXX object CMakeFiles/arm_interfaces__rosidl_typesupport_c.dir/rosidl_typesupport_c/arm_interfaces/srv/get_target_pose__type_support.cpp.o[0m
[ 52%] [32mBuilding CXX object CMakeFiles/arm_interfaces__rosidl_typesupport_c.dir/rosidl_typesupport_c/arm_interfaces/srv/cargo__type_support.cpp.o[0m
[ 54%] [32m[1mLinking CXX shared library libarm_interfaces__rosidl_typesupport_c.so[0m
[ 56%] [32mBuilding C object CMakeFiles/arm_interfaces__rosidl_typesupport_introspection_c.dir/rosidl_typesupport_introspection_c/arm_interfaces/srv/detail/get_target_pose__type_support.c.o[0m
[ 60%] [32mBuilding C object CMakeFiles/arm_interfaces__rosidl_typesupport_introspection_c.dir/rosidl_typesupport_introspection_c/arm_interfaces/srv/detail/cargo__type_support.c.o[0m
[ 60%] [32mBuilding C object CMakeFiles/arm_interfaces__rosidl_typesupport_introspection_c.dir/rosidl_typesupport_introspection_c/arm_interfaces/srv/detail/arm_command__type_support.c.o[0m
[ 62%] [32mBuilding CXX object CMakeFiles/arm_interfaces__rosidl_typesupport_fastrtps_c.dir/rosidl_typesupport_fastrtps_c/arm_interfaces/srv/detail/get_target_pose__type_support_c.cpp.o[0m
[ 64%] [32mBuilding CXX object CMakeFiles/arm_interfaces__rosidl_typesupport_fastrtps_c.dir/rosidl_typesupport_fastrtps_c/arm_interfaces/srv/detail/arm_command__type_support_c.cpp.o[0m
[ 66%] [32mBuilding CXX object CMakeFiles/arm_interfaces__rosidl_typesupport_fastrtps_c.dir/rosidl_typesupport_fastrtps_c/arm_interfaces/srv/detail/cargo__type_support_c.cpp.o[0m
[ 66%] Built target arm_interfaces__rosidl_typesupport_c
[ 68%] [32m[1mLinking C shared library libarm_interfaces__rosidl_typesupport_introspection_c.so[0m
[ 68%] Built target arm_interfaces__rosidl_typesupport_introspection_c
[ 70%] [32m[1mLinking CXX shared library libarm_interfaces__rosidl_typesupport_cpp.so[0m
[ 70%] Built target arm_interfaces__rosidl_typesupport_cpp
[ 72%] [32m[1mLinking CXX shared library libarm_interfaces__rosidl_typesupport_introspection_cpp.so[0m
[ 72%] Built target arm_interfaces__rosidl_typesupport_introspection_cpp
[ 75%] [32m[1mLinking CXX shared library libarm_interfaces__rosidl_typesupport_fastrtps_c.so[0m
[ 77%] [32m[1mLinking CXX shared library libarm_interfaces__rosidl_typesupport_fastrtps_cpp.so[0m
[ 77%] Built target arm_interfaces__rosidl_typesupport_fastrtps_c
[ 77%] Built target arm_interfaces__rosidl_typesupport_fastrtps_cpp
[ 77%] Built target arm_interfaces
[ 79%] [34m[1mGenerating Python code for ROS interfaces[0m
[ 79%] Built target arm_interfaces__py
[ 83%] [32mBuilding C object CMakeFiles/arm_interfaces__rosidl_generator_py.dir/rosidl_generator_py/arm_interfaces/srv/_get_target_pose_s.c.o[0m
[ 83%] [32mBuilding C object CMakeFiles/arm_interfaces__rosidl_generator_py.dir/rosidl_generator_py/arm_interfaces/srv/_arm_command_s.c.o[0m
[ 85%] [32mBuilding C object CMakeFiles/arm_interfaces__rosidl_generator_py.dir/rosidl_generator_py/arm_interfaces/srv/_cargo_s.c.o[0m
[ 87%] [32m[1mLinking C shared library rosidl_generator_py/arm_interfaces/libarm_interfaces__rosidl_generator_py.so[0m
[ 87%] Built target arm_interfaces__rosidl_generator_py
[ 89%] [32mBuilding C object CMakeFiles/arm_interfaces__rosidl_typesupport_introspection_c__pyext.dir/rosidl_generator_py/arm_interfaces/_arm_interfaces_s.ep.rosidl_typesupport_introspection_c.c.o[0m
[ 91%] [32mBuilding C object CMakeFiles/arm_interfaces__rosidl_typesupport_c__pyext.dir/rosidl_generator_py/arm_interfaces/_arm_interfaces_s.ep.rosidl_typesupport_c.c.o[0m
[ 93%] [32mBuilding C object CMakeFiles/arm_interfaces__rosidl_typesupport_fastrtps_c__pyext.dir/rosidl_generator_py/arm_interfaces/_arm_interfaces_s.ep.rosidl_typesupport_fastrtps_c.c.o[0m
[ 95%] [32m[1mLinking C shared library rosidl_generator_py/arm_interfaces/arm_interfaces_s__rosidl_typesupport_c.cpython-310-x86_64-linux-gnu.so[0m
[ 97%] [32m[1mLinking C shared library rosidl_generator_py/arm_interfaces/arm_interfaces_s__rosidl_typesupport_introspection_c.cpython-310-x86_64-linux-gnu.so[0m
[100%] [32m[1mLinking C shared library rosidl_generator_py/arm_interfaces/arm_interfaces_s__rosidl_typesupport_fastrtps_c.cpython-310-x86_64-linux-gnu.so[0m
[100%] Built target arm_interfaces__rosidl_typesupport_introspection_c__pyext
[100%] Built target arm_interfaces__rosidl_typesupport_c__pyext
[100%] Built target arm_interfaces__rosidl_typesupport_fastrtps_c__pyext
-- Install configuration: ""
-- Installing: /home/scr/robocup/amr_robot_ws/install/arm_interfaces/share/ament_index/resource_index/rosidl_interfaces/arm_interfaces
-- Installing: /home/scr/robocup/amr_robot_ws/install/arm_interfaces/include/arm_interfaces/arm_interfaces
-- Installing: /home/scr/robocup/amr_robot_ws/install/arm_interfaces/include/arm_interfaces/arm_interfaces/msg
-- Installing: /home/scr/robocup/amr_robot_ws/install/arm_interfaces/include/arm_interfaces/arm_interfaces/msg/rosidl_generator_c__visibility_control.h
-- Installing: /home/scr/robocup/amr_robot_ws/install/arm_interfaces/include/arm_interfaces/arm_interfaces/srv
-- Installing: /home/scr/robocup/amr_robot_ws/install/arm_interfaces/include/arm_interfaces/arm_interfaces/srv/detail
-- Installing: /home/scr/robocup/amr_robot_ws/install/arm_interfaces/include/arm_interfaces/arm_interfaces/srv/detail/get_target_pose__functions.c
-- Installing: /home/scr/robocup/amr_robot_ws/install/arm_interfaces/include/arm_interfaces/arm_interfaces/srv/detail/get_target_pose__struct.h
-- Installing: /home/scr/robocup/amr_robot_ws/install/arm_interfaces/include/arm_interfaces/arm_interfaces/srv/detail/get_target_pose__functions.h
-- Installing: /home/scr/robocup/amr_robot_ws/install/arm_interfaces/include/arm_interfaces/arm_interfaces/srv/detail/arm_command__functions.h
-- Installing: /home/scr/robocup/amr_robot_ws/install/arm_interfaces/include/arm_interfaces/arm_interfaces/srv/detail/cargo__type_support.h
-- Installing: /home/scr/robocup/amr_robot_ws/install/arm_interfaces/include/arm_interfaces/arm_interfaces/srv/detail/get_target_pose__type_support.h
-- Installing: /home/scr/robocup/amr_robot_ws/install/arm_interfaces/include/arm_interfaces/arm_interfaces/srv/detail/arm_command__type_support.h
-- Installing: /home/scr/robocup/amr_robot_ws/install/arm_interfaces/include/arm_interfaces/arm_interfaces/srv/detail/cargo__functions.c
-- Installing: /home/scr/robocup/amr_robot_ws/install/arm_interfaces/include/arm_interfaces/arm_interfaces/srv/detail/arm_command__functions.c
-- Installing: /home/scr/robocup/amr_robot_ws/install/arm_interfaces/include/arm_interfaces/arm_interfaces/srv/detail/cargo__struct.h
-- Installing: /home/scr/robocup/amr_robot_ws/install/arm_interfaces/include/arm_interfaces/arm_interfaces/srv/detail/arm_command__struct.h
-- Installing: /home/scr/robocup/amr_robot_ws/install/arm_interfaces/include/arm_interfaces/arm_interfaces/srv/detail/cargo__functions.h
-- Installing: /home/scr/robocup/amr_robot_ws/install/arm_interfaces/include/arm_interfaces/arm_interfaces/srv/cargo.h
-- Installing: /home/scr/robocup/amr_robot_ws/install/arm_interfaces/include/arm_interfaces/arm_interfaces/srv/get_target_pose.h
-- Installing: /home/scr/robocup/amr_robot_ws/install/arm_interfaces/include/arm_interfaces/arm_interfaces/srv/arm_command.h
-- Installing: /home/scr/robocup/amr_robot_ws/install/arm_interfaces/share/arm_interfaces/environment/library_path.sh
-- Installing: /home/scr/robocup/amr_robot_ws/install/arm_interfaces/share/arm_interfaces/environment/library_path.dsv
-- Installing: /home/scr/robocup/amr_robot_ws/install/arm_interfaces/lib/libarm_interfaces__rosidl_generator_c.so
-- Set runtime path of "/home/scr/robocup/amr_robot_ws/install/arm_interfaces/lib/libarm_interfaces__rosidl_generator_c.so" to ""
-- Up-to-date: /home/scr/robocup/amr_robot_ws/install/arm_interfaces/include/arm_interfaces/arm_interfaces
-- Up-to-date: /home/scr/robocup/amr_robot_ws/install/arm_interfaces/include/arm_interfaces/arm_interfaces/msg
-- Installing: /home/scr/robocup/amr_robot_ws/install/arm_interfaces/include/arm_interfaces/arm_interfaces/msg/rosidl_typesupport_fastrtps_c__visibility_control.h
-- Up-to-date: /home/scr/robocup/amr_robot_ws/install/arm_interfaces/include/arm_interfaces/arm_interfaces/srv
-- Up-to-date: /home/scr/robocup/amr_robot_ws/install/arm_interfaces/include/arm_interfaces/arm_interfaces/srv/detail
-- Installing: /home/scr/robocup/amr_robot_ws/install/arm_interfaces/include/arm_interfaces/arm_interfaces/srv/detail/cargo__rosidl_typesupport_fastrtps_c.h
-- Installing: /home/scr/robocup/amr_robot_ws/install/arm_interfaces/include/arm_interfaces/arm_interfaces/srv/detail/get_target_pose__rosidl_typesupport_fastrtps_c.h
-- Installing: /home/scr/robocup/amr_robot_ws/install/arm_interfaces/include/arm_interfaces/arm_interfaces/srv/detail/arm_command__rosidl_typesupport_fastrtps_c.h
-- Installing: /home/scr/robocup/amr_robot_ws/install/arm_interfaces/lib/libarm_interfaces__rosidl_typesupport_fastrtps_c.so
-- Set runtime path of "/home/scr/robocup/amr_robot_ws/install/arm_interfaces/lib/libarm_interfaces__rosidl_typesupport_fastrtps_c.so" to ""
-- Up-to-date: /home/scr/robocup/amr_robot_ws/install/arm_interfaces/include/arm_interfaces/arm_interfaces
-- Up-to-date: /home/scr/robocup/amr_robot_ws/install/arm_interfaces/include/arm_interfaces/arm_interfaces/msg
-- Installing: /home/scr/robocup/amr_robot_ws/install/arm_interfaces/include/arm_interfaces/arm_interfaces/msg/rosidl_typesupport_introspection_c__visibility_control.h
-- Up-to-date: /home/scr/robocup/amr_robot_ws/install/arm_interfaces/include/arm_interfaces/arm_interfaces/srv
-- Up-to-date: /home/scr/robocup/amr_robot_ws/install/arm_interfaces/include/arm_interfaces/arm_interfaces/srv/detail
-- Installing: /home/scr/robocup/amr_robot_ws/install/arm_interfaces/include/arm_interfaces/arm_interfaces/srv/detail/arm_command__type_support.c
-- Installing: /home/scr/robocup/amr_robot_ws/install/arm_interfaces/include/arm_interfaces/arm_interfaces/srv/detail/cargo__rosidl_typesupport_introspection_c.h
-- Installing: /home/scr/robocup/amr_robot_ws/install/arm_interfaces/include/arm_interfaces/arm_interfaces/srv/detail/arm_command__rosidl_typesupport_introspection_c.h
-- Installing: /home/scr/robocup/amr_robot_ws/install/arm_interfaces/include/arm_interfaces/arm_interfaces/srv/detail/get_target_pose__type_support.c
-- Installing: /home/scr/robocup/amr_robot_ws/install/arm_interfaces/include/arm_interfaces/arm_interfaces/srv/detail/cargo__type_support.c
-- Installing: /home/scr/robocup/amr_robot_ws/install/arm_interfaces/include/arm_interfaces/arm_interfaces/srv/detail/get_target_pose__rosidl_typesupport_introspection_c.h
-- Installing: /home/scr/robocup/amr_robot_ws/install/arm_interfaces/lib/libarm_interfaces__rosidl_typesupport_introspection_c.so
-- Set runtime path of "/home/scr/robocup/amr_robot_ws/install/arm_interfaces/lib/libarm_interfaces__rosidl_typesupport_introspection_c.so" to ""
-- Installing: /home/scr/robocup/amr_robot_ws/install/arm_interfaces/lib/libarm_interfaces__rosidl_typesupport_c.so
-- Set runtime path of "/home/scr/robocup/amr_robot_ws/install/arm_interfaces/lib/libarm_interfaces__rosidl_typesupport_c.so" to ""
-- Up-to-date: /home/scr/robocup/amr_robot_ws/install/arm_interfaces/include/arm_interfaces/arm_interfaces
-- Up-to-date: /home/scr/robocup/amr_robot_ws/install/arm_interfaces/include/arm_interfaces/arm_interfaces/msg
-- Installing: /home/scr/robocup/amr_robot_ws/install/arm_interfaces/include/arm_interfaces/arm_interfaces/msg/rosidl_generator_cpp__visibility_control.hpp
-- Up-to-date: /home/scr/robocup/amr_robot_ws/install/arm_interfaces/include/arm_interfaces/arm_interfaces/srv
-- Up-to-date: /home/scr/robocup/amr_robot_ws/install/arm_interfaces/include/arm_interfaces/arm_interfaces/srv/detail
-- Installing: /home/scr/robocup/amr_robot_ws/install/arm_interfaces/include/arm_interfaces/arm_interfaces/srv/detail/get_target_pose__type_support.hpp
-- Installing: /home/scr/robocup/amr_robot_ws/install/arm_interfaces/include/arm_interfaces/arm_interfaces/srv/detail/arm_command__struct.hpp
-- Installing: /home/scr/robocup/amr_robot_ws/install/arm_interfaces/include/arm_interfaces/arm_interfaces/srv/detail/cargo__builder.hpp
-- Installing: /home/scr/robocup/amr_robot_ws/install/arm_interfaces/include/arm_interfaces/arm_interfaces/srv/detail/get_target_pose__struct.hpp
-- Installing: /home/scr/robocup/amr_robot_ws/install/arm_interfaces/include/arm_interfaces/arm_interfaces/srv/detail/arm_command__builder.hpp
-- Installing: /home/scr/robocup/amr_robot_ws/install/arm_interfaces/include/arm_interfaces/arm_interfaces/srv/detail/arm_command__traits.hpp
-- Installing: /home/scr/robocup/amr_robot_ws/install/arm_interfaces/include/arm_interfaces/arm_interfaces/srv/detail/get_target_pose__builder.hpp
-- Installing: /home/scr/robocup/amr_robot_ws/install/arm_interfaces/include/arm_interfaces/arm_interfaces/srv/detail/arm_command__type_support.hpp
-- Installing: /home/scr/robocup/amr_robot_ws/install/arm_interfaces/include/arm_interfaces/arm_interfaces/srv/detail/cargo__type_support.hpp
-- Installing: /home/scr/robocup/amr_robot_ws/install/arm_interfaces/include/arm_interfaces/arm_interfaces/srv/detail/cargo__traits.hpp
-- Installing: /home/scr/robocup/amr_robot_ws/install/arm_interfaces/include/arm_interfaces/arm_interfaces/srv/detail/get_target_pose__traits.hpp
-- Installing: /home/scr/robocup/amr_robot_ws/install/arm_interfaces/include/arm_interfaces/arm_interfaces/srv/detail/cargo__struct.hpp
-- Installing: /home/scr/robocup/amr_robot_ws/install/arm_interfaces/include/arm_interfaces/arm_interfaces/srv/get_target_pose.hpp
-- Installing: /home/scr/robocup/amr_robot_ws/install/arm_interfaces/include/arm_interfaces/arm_interfaces/srv/cargo.hpp
-- Installing: /home/scr/robocup/amr_robot_ws/install/arm_interfaces/include/arm_interfaces/arm_interfaces/srv/arm_command.hpp
-- Up-to-date: /home/scr/robocup/amr_robot_ws/install/arm_interfaces/include/arm_interfaces/arm_interfaces
-- Up-to-date: /home/scr/robocup/amr_robot_ws/install/arm_interfaces/include/arm_interfaces/arm_interfaces/msg
-- Installing: /home/scr/robocup/amr_robot_ws/install/arm_interfaces/include/arm_interfaces/arm_interfaces/msg/rosidl_typesupport_fastrtps_cpp__visibility_control.h
-- Up-to-date: /home/scr/robocup/amr_robot_ws/install/arm_interfaces/include/arm_interfaces/arm_interfaces/srv
-- Up-to-date: /home/scr/robocup/amr_robot_ws/install/arm_interfaces/include/arm_interfaces/arm_interfaces/srv/detail
-- Installing: /home/scr/robocup/amr_robot_ws/install/arm_interfaces/include/arm_interfaces/arm_interfaces/srv/detail/get_target_pose__rosidl_typesupport_fastrtps_cpp.hpp
-- Installing: /home/scr/robocup/amr_robot_ws/install/arm_interfaces/include/arm_interfaces/arm_interfaces/srv/detail/dds_fastrtps
-- Installing: /home/scr/robocup/amr_robot_ws/install/arm_interfaces/include/arm_interfaces/arm_interfaces/srv/detail/cargo__rosidl_typesupport_fastrtps_cpp.hpp
-- Installing: /home/scr/robocup/amr_robot_ws/install/arm_interfaces/include/arm_interfaces/arm_interfaces/srv/detail/arm_command__rosidl_typesupport_fastrtps_cpp.hpp
-- Installing: /home/scr/robocup/amr_robot_ws/install/arm_interfaces/lib/libarm_interfaces__rosidl_typesupport_fastrtps_cpp.so
-- Set runtime path of "/home/scr/robocup/amr_robot_ws/install/arm_interfaces/lib/libarm_interfaces__rosidl_typesupport_fastrtps_cpp.so" to ""
-- Up-to-date: /home/scr/robocup/amr_robot_ws/install/arm_interfaces/include/arm_interfaces/arm_interfaces
-- Up-to-date: /home/scr/robocup/amr_robot_ws/install/arm_interfaces/include/arm_interfaces/arm_interfaces/srv
-- Up-to-date: /home/scr/robocup/amr_robot_ws/install/arm_interfaces/include/arm_interfaces/arm_interfaces/srv/detail
-- Installing: /home/scr/robocup/amr_robot_ws/install/arm_interfaces/include/arm_interfaces/arm_interfaces/srv/detail/cargo__rosidl_typesupport_introspection_cpp.hpp
-- Installing: /home/scr/robocup/amr_robot_ws/install/arm_interfaces/include/arm_interfaces/arm_interfaces/srv/detail/arm_command__rosidl_typesupport_introspection_cpp.hpp
-- Installing: /home/scr/robocup/amr_robot_ws/install/arm_interfaces/include/arm_interfaces/arm_interfaces/srv/detail/cargo__type_support.cpp
-- Installing: /home/scr/robocup/amr_robot_ws/install/arm_interfaces/include/arm_interfaces/arm_interfaces/srv/detail/get_target_pose__type_support.cpp
-- Installing: /home/scr/robocup/amr_robot_ws/install/arm_interfaces/include/arm_interfaces/arm_interfaces/srv/detail/arm_command__type_support.cpp
-- Installing: /home/scr/robocup/amr_robot_ws/install/arm_interfaces/include/arm_interfaces/arm_interfaces/srv/detail/get_target_pose__rosidl_typesupport_introspection_cpp.hpp
-- Installing: /home/scr/robocup/amr_robot_ws/install/arm_interfaces/lib/libarm_interfaces__rosidl_typesupport_introspection_cpp.so
-- Set runtime path of "/home/scr/robocup/amr_robot_ws/install/arm_interfaces/lib/libarm_interfaces__rosidl_typesupport_introspection_cpp.so" to ""
-- Installing: /home/scr/robocup/amr_robot_ws/install/arm_interfaces/lib/libarm_interfaces__rosidl_typesupport_cpp.so
-- Set runtime path of "/home/scr/robocup/amr_robot_ws/install/arm_interfaces/lib/libarm_interfaces__rosidl_typesupport_cpp.so" to ""
-- Installing: /home/scr/robocup/amr_robot_ws/install/arm_interfaces/share/arm_interfaces/environment/pythonpath.sh
-- Installing: /home/scr/robocup/amr_robot_ws/install/arm_interfaces/share/arm_interfaces/environment/pythonpath.dsv
-- Installing: /home/scr/robocup/amr_robot_ws/install/arm_interfaces/local/lib/python3.10/dist-packages/arm_interfaces-0.0.0-py3.10.egg-info
-- Installing: /home/scr/robocup/amr_robot_ws/install/arm_interfaces/local/lib/python3.10/dist-packages/arm_interfaces-0.0.0-py3.10.egg-info/dependency_links.txt
-- Installing: /home/scr/robocup/amr_robot_ws/install/arm_interfaces/local/lib/python3.10/dist-packages/arm_interfaces-0.0.0-py3.10.egg-info/PKG-INFO
-- Installing: /home/scr/robocup/amr_robot_ws/install/arm_interfaces/local/lib/python3.10/dist-packages/arm_interfaces-0.0.0-py3.10.egg-info/top_level.txt
-- Installing: /home/scr/robocup/amr_robot_ws/install/arm_interfaces/local/lib/python3.10/dist-packages/arm_interfaces-0.0.0-py3.10.egg-info/SOURCES.txt
-- Installing: /home/scr/robocup/amr_robot_ws/install/arm_interfaces/local/lib/python3.10/dist-packages/arm_interfaces
-- Installing: /home/scr/robocup/amr_robot_ws/install/arm_interfaces/local/lib/python3.10/dist-packages/arm_interfaces/__init__.py
-- Installing: /home/scr/robocup/amr_robot_ws/install/arm_interfaces/local/lib/python3.10/dist-packages/arm_interfaces/_arm_interfaces_s.ep.rosidl_typesupport_introspection_c.c
-- Installing: /home/scr/robocup/amr_robot_ws/install/arm_interfaces/local/lib/python3.10/dist-packages/arm_interfaces/arm_interfaces_s__rosidl_typesupport_fastrtps_c.cpython-310-x86_64-linux-gnu.so
-- Installing: /home/scr/robocup/amr_robot_ws/install/arm_interfaces/local/lib/python3.10/dist-packages/arm_interfaces/arm_interfaces_s__rosidl_typesupport_c.cpython-310-x86_64-linux-gnu.so
-- Installing: /home/scr/robocup/amr_robot_ws/install/arm_interfaces/local/lib/python3.10/dist-packages/arm_interfaces/libarm_interfaces__rosidl_generator_py.so
-- Installing: /home/scr/robocup/amr_robot_ws/install/arm_interfaces/local/lib/python3.10/dist-packages/arm_interfaces/_arm_interfaces_s.ep.rosidl_typesupport_fastrtps_c.c
-- Installing: /home/scr/robocup/amr_robot_ws/install/arm_interfaces/local/lib/python3.10/dist-packages/arm_interfaces/_arm_interfaces_s.ep.rosidl_typesupport_c.c
-- Installing: /home/scr/robocup/amr_robot_ws/install/arm_interfaces/local/lib/python3.10/dist-packages/arm_interfaces/srv
-- Installing: /home/scr/robocup/amr_robot_ws/install/arm_interfaces/local/lib/python3.10/dist-packages/arm_interfaces/srv/__init__.py
-- Installing: /home/scr/robocup/amr_robot_ws/install/arm_interfaces/local/lib/python3.10/dist-packages/arm_interfaces/srv/_arm_command_s.c
-- Installing: /home/scr/robocup/amr_robot_ws/install/arm_interfaces/local/lib/python3.10/dist-packages/arm_interfaces/srv/_arm_command.py
-- Installing: /home/scr/robocup/amr_robot_ws/install/arm_interfaces/local/lib/python3.10/dist-packages/arm_interfaces/srv/_cargo_s.c
-- Installing: /home/scr/robocup/amr_robot_ws/install/arm_interfaces/local/lib/python3.10/dist-packages/arm_interfaces/srv/_get_target_pose_s.c
-- Installing: /home/scr/robocup/amr_robot_ws/install/arm_interfaces/local/lib/python3.10/dist-packages/arm_interfaces/srv/_cargo.py
-- Installing: /home/scr/robocup/amr_robot_ws/install/arm_interfaces/local/lib/python3.10/dist-packages/arm_interfaces/srv/_get_target_pose.py
-- Installing: /home/scr/robocup/amr_robot_ws/install/arm_interfaces/local/lib/python3.10/dist-packages/arm_interfaces/arm_interfaces_s__rosidl_typesupport_introspection_c.cpython-310-x86_64-linux-gnu.so
Listing '/home/scr/robocup/amr_robot_ws/install/arm_interfaces/local/lib/python3.10/dist-packages/arm_interfaces'...
Compiling '/home/scr/robocup/amr_robot_ws/install/arm_interfaces/local/lib/python3.10/dist-packages/arm_interfaces/__init__.py'...
Listing '/home/scr/robocup/amr_robot_ws/install/arm_interfaces/local/lib/python3.10/dist-packages/arm_interfaces/srv'...
Compiling '/home/scr/robocup/amr_robot_ws/install/arm_interfaces/local/lib/python3.10/dist-packages/arm_interfaces/srv/__init__.py'...
Compiling '/home/scr/robocup/amr_robot_ws/install/arm_interfaces/local/lib/python3.10/dist-packages/arm_interfaces/srv/_arm_command.py'...
Compiling '/home/scr/robocup/amr_robot_ws/install/arm_interfaces/local/lib/python3.10/dist-packages/arm_interfaces/srv/_cargo.py'...
Compiling '/home/scr/robocup/amr_robot_ws/install/arm_interfaces/local/lib/python3.10/dist-packages/arm_interfaces/srv/_get_target_pose.py'...
-- Installing: /home/scr/robocup/amr_robot_ws/install/arm_interfaces/local/lib/python3.10/dist-packages/arm_interfaces/arm_interfaces_s__rosidl_typesupport_fastrtps_c.cpython-310-x86_64-linux-gnu.so
-- Set runtime path of "/home/scr/robocup/amr_robot_ws/install/arm_interfaces/local/lib/python3.10/dist-packages/arm_interfaces/arm_interfaces_s__rosidl_typesupport_fastrtps_c.cpython-310-x86_64-linux-gnu.so" to ""
-- Installing: /home/scr/robocup/amr_robot_ws/install/arm_interfaces/local/lib/python3.10/dist-packages/arm_interfaces/arm_interfaces_s__rosidl_typesupport_introspection_c.cpython-310-x86_64-linux-gnu.so
-- Set runtime path of "/home/scr/robocup/amr_robot_ws/install/arm_interfaces/local/lib/python3.10/dist-packages/arm_interfaces/arm_interfaces_s__rosidl_typesupport_introspection_c.cpython-310-x86_64-linux-gnu.so" to ""
-- Installing: /home/scr/robocup/amr_robot_ws/install/arm_interfaces/local/lib/python3.10/dist-packages/arm_interfaces/arm_interfaces_s__rosidl_typesupport_c.cpython-310-x86_64-linux-gnu.so
-- Set runtime path of "/home/scr/robocup/amr_robot_ws/install/arm_interfaces/local/lib/python3.10/dist-packages/arm_interfaces/arm_interfaces_s__rosidl_typesupport_c.cpython-310-x86_64-linux-gnu.so" to ""
-- Installing: /home/scr/robocup/amr_robot_ws/install/arm_interfaces/lib/libarm_interfaces__rosidl_generator_py.so
-- Set runtime path of "/home/scr/robocup/amr_robot_ws/install/arm_interfaces/lib/libarm_interfaces__rosidl_generator_py.so" to ""
-- Installing: /home/scr/robocup/amr_robot_ws/install/arm_interfaces/share/ament_index/resource_index/rust_packages/arm_interfaces
-- Installing: /home/scr/robocup/amr_robot_ws/install/arm_interfaces/share/arm_interfaces/rust
-- Installing: /home/scr/robocup/amr_robot_ws/install/arm_interfaces/share/arm_interfaces/rust/Cargo.toml
-- Installing: /home/scr/robocup/amr_robot_ws/install/arm_interfaces/share/arm_interfaces/rust/build.rs
-- Installing: /home/scr/robocup/amr_robot_ws/install/arm_interfaces/share/arm_interfaces/rust/src
-- Installing: /home/scr/robocup/amr_robot_ws/install/arm_interfaces/share/arm_interfaces/rust/src/lib.rs
-- Installing: /home/scr/robocup/amr_robot_ws/install/arm_interfaces/share/arm_interfaces/rust/src/srv.rs
-- Installing: /home/scr/robocup/amr_robot_ws/install/arm_interfaces/share/arm_interfaces/rust/src/srv
-- Installing: /home/scr/robocup/amr_robot_ws/install/arm_interfaces/share/arm_interfaces/rust/src/srv/rmw.rs
-- Installing: /home/scr/robocup/amr_robot_ws/install/arm_interfaces/share/arm_interfaces/srv/ArmCommand.idl
-- Installing: /home/scr/robocup/amr_robot_ws/install/arm_interfaces/share/arm_interfaces/srv/Cargo.idl
-- Installing: /home/scr/robocup/amr_robot_ws/install/arm_interfaces/share/arm_interfaces/srv/GetTargetPose.idl
-- Installing: /home/scr/robocup/amr_robot_ws/install/arm_interfaces/share/arm_interfaces/srv/ArmCommand.srv
-- Installing: /home/scr/robocup/amr_robot_ws/install/arm_interfaces/share/arm_interfaces/srv/ArmCommand_Request.msg
-- Installing: /home/scr/robocup/amr_robot_ws/install/arm_interfaces/share/arm_interfaces/srv/ArmCommand_Response.msg
-- Installing: /home/scr/robocup/amr_robot_ws/install/arm_interfaces/share/arm_interfaces/srv/Cargo.srv
-- Installing: /home/scr/robocup/amr_robot_ws/install/arm_interfaces/share/arm_interfaces/srv/Cargo_Request.msg
-- Installing: /home/scr/robocup/amr_robot_ws/install/arm_interfaces/share/arm_interfaces/srv/Cargo_Response.msg
-- Installing: /home/scr/robocup/amr_robot_ws/install/arm_interfaces/share/arm_interfaces/srv/GetTargetPose.srv
-- Installing: /home/scr/robocup/amr_robot_ws/install/arm_interfaces/share/arm_interfaces/srv/GetTargetPose_Request.msg
-- Installing: /home/scr/robocup/amr_robot_ws/install/arm_interfaces/share/arm_interfaces/srv/GetTargetPose_Response.msg
-- Installing: /home/scr/robocup/amr_robot_ws/install/arm_interfaces/share/ament_index/resource_index/package_run_dependencies/arm_interfaces
-- Installing: /home/scr/robocup/amr_robot_ws/install/arm_interfaces/share/ament_index/resource_index/parent_prefix_path/arm_interfaces
-- Installing: /home/scr/robocup/amr_robot_ws/install/arm_interfaces/share/arm_interfaces/environment/ament_prefix_path.sh
-- Installing: /home/scr/robocup/amr_robot_ws/install/arm_interfaces/share/arm_interfaces/environment/ament_prefix_path.dsv
-- Installing: /home/scr/robocup/amr_robot_ws/install/arm_interfaces/share/arm_interfaces/environment/path.sh
-- Installing: /home/scr/robocup/amr_robot_ws/install/arm_interfaces/share/arm_interfaces/environment/path.dsv
-- Installing: /home/scr/robocup/amr_robot_ws/install/arm_interfaces/share/arm_interfaces/local_setup.bash
-- Installing: /home/scr/robocup/amr_robot_ws/install/arm_interfaces/share/arm_interfaces/local_setup.sh
-- Installing: /home/scr/robocup/amr_robot_ws/install/arm_interfaces/share/arm_interfaces/local_setup.zsh
-- Installing: /home/scr/robocup/amr_robot_ws/install/arm_interfaces/share/arm_interfaces/local_setup.dsv
-- Installing: /home/scr/robocup/amr_robot_ws/install/arm_interfaces/share/arm_interfaces/package.dsv
-- Installing: /home/scr/robocup/amr_robot_ws/install/arm_interfaces/share/ament_index/resource_index/packages/arm_interfaces
-- Installing: /home/scr/robocup/amr_robot_ws/install/arm_interfaces/share/arm_interfaces/cmake/export_arm_interfaces__rosidl_generator_cExport.cmake
-- Installing: /home/scr/robocup/amr_robot_ws/install/arm_interfaces/share/arm_interfaces/cmake/export_arm_interfaces__rosidl_generator_cExport-noconfig.cmake
-- Installing: /home/scr/robocup/amr_robot_ws/install/arm_interfaces/share/arm_interfaces/cmake/export_arm_interfaces__rosidl_typesupport_fastrtps_cExport.cmake
-- Installing: /home/scr/robocup/amr_robot_ws/install/arm_interfaces/share/arm_interfaces/cmake/export_arm_interfaces__rosidl_typesupport_fastrtps_cExport-noconfig.cmake
-- Installing: /home/scr/robocup/amr_robot_ws/install/arm_interfaces/share/arm_interfaces/cmake/arm_interfaces__rosidl_typesupport_introspection_cExport.cmake
-- Installing: /home/scr/robocup/amr_robot_ws/install/arm_interfaces/share/arm_interfaces/cmake/arm_interfaces__rosidl_typesupport_introspection_cExport-noconfig.cmake
-- Installing: /home/scr/robocup/amr_robot_ws/install/arm_interfaces/share/arm_interfaces/cmake/arm_interfaces__rosidl_typesupport_cExport.cmake
-- Installing: /home/scr/robocup/amr_robot_ws/install/arm_interfaces/share/arm_interfaces/cmake/arm_interfaces__rosidl_typesupport_cExport-noconfig.cmake
-- Installing: /home/scr/robocup/amr_robot_ws/install/arm_interfaces/share/arm_interfaces/cmake/export_arm_interfaces__rosidl_generator_cppExport.cmake
-- Installing: /home/scr/robocup/amr_robot_ws/install/arm_interfaces/share/arm_interfaces/cmake/export_arm_interfaces__rosidl_typesupport_fastrtps_cppExport.cmake
-- Installing: /home/scr/robocup/amr_robot_ws/install/arm_interfaces/share/arm_interfaces/cmake/export_arm_interfaces__rosidl_typesupport_fastrtps_cppExport-noconfig.cmake
-- Installing: /home/scr/robocup/amr_robot_ws/install/arm_interfaces/share/arm_interfaces/cmake/arm_interfaces__rosidl_typesupport_introspection_cppExport.cmake
-- Installing: /home/scr/robocup/amr_robot_ws/install/arm_interfaces/share/arm_interfaces/cmake/arm_interfaces__rosidl_typesupport_introspection_cppExport-noconfig.cmake
-- Installing: /home/scr/robocup/amr_robot_ws/install/arm_interfaces/share/arm_interfaces/cmake/arm_interfaces__rosidl_typesupport_cppExport.cmake
-- Installing: /home/scr/robocup/amr_robot_ws/install/arm_interfaces/share/arm_interfaces/cmake/arm_interfaces__rosidl_typesupport_cppExport-noconfig.cmake
-- Installing: /home/scr/robocup/amr_robot_ws/install/arm_interfaces/share/arm_interfaces/cmake/export_arm_interfaces__rosidl_generator_pyExport.cmake
-- Installing: /home/scr/robocup/amr_robot_ws/install/arm_interfaces/share/arm_interfaces/cmake/export_arm_interfaces__rosidl_generator_pyExport-noconfig.cmake
-- Installing: /home/scr/robocup/amr_robot_ws/install/arm_interfaces/share/arm_interfaces/cmake/rosidl_cmake-extras.cmake
-- Installing: /home/scr/robocup/amr_robot_ws/install/arm_interfaces/share/arm_interfaces/cmake/ament_cmake_export_include_directories-extras.cmake
-- Installing: /home/scr/robocup/amr_robot_ws/install/arm_interfaces/share/arm_interfaces/cmake/ament_cmake_export_libraries-extras.cmake
-- Installing: /home/scr/robocup/amr_robot_ws/install/arm_interfaces/share/arm_interfaces/cmake/ament_cmake_export_targets-extras.cmake
-- Installing: /home/scr/robocup/amr_robot_ws/install/arm_interfaces/share/arm_interfaces/cmake/rosidl_cmake_export_typesupport_targets-extras.cmake
-- Installing: /home/scr/robocup/amr_robot_ws/install/arm_interfaces/share/arm_interfaces/cmake/ament_cmake_export_dependencies-extras.cmake
-- Installing: /home/scr/robocup/amr_robot_ws/install/arm_interfaces/share/arm_interfaces/cmake/rosidl_cmake_export_typesupport_libraries-extras.cmake
-- Installing: /home/scr/robocup/amr_robot_ws/install/arm_interfaces/share/arm_interfaces/cmake/arm_interfacesConfig.cmake
-- Installing: /home/scr/robocup/amr_robot_ws/install/arm_interfaces/share/arm_interfaces/cmake/arm_interfacesConfig-version.cmake
-- Installing: /home/scr/robocup/amr_robot_ws/install/arm_interfaces/share/arm_interfaces/package.xml
