/home/scr/robocup/amr_robot_ws/install/arm_controller_pkg/lib/python3.10/site-packages/arm_controller_pkg/__init__.py
/home/scr/robocup/amr_robot_ws/install/arm_controller_pkg/lib/python3.10/site-packages/arm_controller_pkg/gripper_node.py
/home/scr/robocup/amr_robot_ws/install/arm_controller_pkg/lib/python3.10/site-packages/arm_controller_pkg/cargo_manager_node.py
/home/scr/robocup/amr_robot_ws/install/arm_controller_pkg/lib/python3.10/site-packages/arm_controller_pkg/amr_robot_node.py
/home/scr/robocup/amr_robot_ws/install/arm_controller_pkg/lib/python3.10/site-packages/arm_controller_pkg/__pycache__/__init__.cpython-310.pyc
/home/scr/robocup/amr_robot_ws/install/arm_controller_pkg/lib/python3.10/site-packages/arm_controller_pkg/__pycache__/gripper_node.cpython-310.pyc
/home/scr/robocup/amr_robot_ws/install/arm_controller_pkg/lib/python3.10/site-packages/arm_controller_pkg/__pycache__/cargo_manager_node.cpython-310.pyc
/home/scr/robocup/amr_robot_ws/install/arm_controller_pkg/lib/python3.10/site-packages/arm_controller_pkg/__pycache__/amr_robot_node.cpython-310.pyc
/home/scr/robocup/amr_robot_ws/install/arm_controller_pkg/share/ament_index/resource_index/packages/arm_controller_pkg
/home/scr/robocup/amr_robot_ws/install/arm_controller_pkg/share/arm_controller_pkg/package.xml
/home/scr/robocup/amr_robot_ws/install/arm_controller_pkg/lib/python3.10/site-packages/arm_controller_pkg-0.0.0-py3.10.egg-info/dependency_links.txt
/home/scr/robocup/amr_robot_ws/install/arm_controller_pkg/lib/python3.10/site-packages/arm_controller_pkg-0.0.0-py3.10.egg-info/PKG-INFO
/home/scr/robocup/amr_robot_ws/install/arm_controller_pkg/lib/python3.10/site-packages/arm_controller_pkg-0.0.0-py3.10.egg-info/entry_points.txt
/home/scr/robocup/amr_robot_ws/install/arm_controller_pkg/lib/python3.10/site-packages/arm_controller_pkg-0.0.0-py3.10.egg-info/zip-safe
/home/scr/robocup/amr_robot_ws/install/arm_controller_pkg/lib/python3.10/site-packages/arm_controller_pkg-0.0.0-py3.10.egg-info/top_level.txt
/home/scr/robocup/amr_robot_ws/install/arm_controller_pkg/lib/python3.10/site-packages/arm_controller_pkg-0.0.0-py3.10.egg-info/SOURCES.txt
/home/scr/robocup/amr_robot_ws/install/arm_controller_pkg/lib/python3.10/site-packages/arm_controller_pkg-0.0.0-py3.10.egg-info/requires.txt
/home/scr/robocup/amr_robot_ws/install/arm_controller_pkg/lib/arm_controller_pkg/amr_robot_node
/home/scr/robocup/amr_robot_ws/install/arm_controller_pkg/lib/arm_controller_pkg/cargo_manager_node
/home/scr/robocup/amr_robot_ws/install/arm_controller_pkg/lib/arm_controller_pkg/gripper_node
